<?xml version="1.0" encoding="UTF-8"?>
<testsuite xmlns:xsi="http://www.w3.org/2001/XMLSchema-instance" xsi:noNamespaceSchemaLocation="https://maven.apache.org/surefire/maven-surefire-plugin/xsd/surefire-test-report.xsd" name="tests.tech.IssuePartToTech" time="492.799" tests="32" errors="0" skipped="0" failures="1">
  <properties>
    <property name="sun.desktop" value="windows"/>
    <property name="awt.toolkit" value="sun.awt.windows.WToolkit"/>
    <property name="java.specification.version" value="11"/>
    <property name="sun.cpu.isalist" value="amd64"/>
    <property name="sun.jnu.encoding" value="Cp1252"/>
    <property name="java.class.path" value="C:\Program Files\apache-maven-3.9.6\boot\plexus-classworlds-2.7.0.jar"/>
    <property name="java.vm.vendor" value="Oracle Corporation"/>
    <property name="sun.arch.data.model" value="64"/>
    <property name="user.variant" value=""/>
    <property name="java.vendor.url" value="https://openjdk.java.net/"/>
    <property name="user.timezone" value="Asia/Calcutta"/>
    <property name="maven.conf" value="C:\Program Files\apache-maven-3.9.6/conf"/>
    <property name="os.name" value="Windows 11"/>
    <property name="java.vm.specification.version" value="11"/>
    <property name="sun.java.launcher" value="SUN_STANDARD"/>
    <property name="user.country" value="US"/>
    <property name="sun.boot.library.path" value="C:\Program Files\Java\jdk-11\bin"/>
    <property name="sun.java.command" value="org.codehaus.plexus.classworlds.launcher.Launcher test -Dtest=tests.tech.IssuePartToTech -Denv=EC"/>
    <property name="jdk.debug" value="release"/>
    <property name="maven.home" value="C:\Program Files\apache-maven-3.9.6"/>
    <property name="test" value="tests.tech.IssuePartToTech"/>
    <property name="sun.cpu.endian" value="little"/>
    <property name="user.home" value="C:\Users\pc9-q"/>
    <property name="user.language" value="en"/>
    <property name="sun.stderr.encoding" value="cp437"/>
    <property name="java.specification.vendor" value="Oracle Corporation"/>
    <property name="java.version.date" value="2023-01-17"/>
    <property name="java.home" value="C:\Program Files\Java\jdk-11"/>
    <property name="file.separator" value="\"/>
    <property name="java.vm.compressedOopsMode" value="32-bit"/>
    <property name="line.separator" value="&#10;"/>
    <property name="sun.stdout.encoding" value="cp437"/>
    <property name="java.specification.name" value="Java Platform API Specification"/>
    <property name="java.vm.specification.vendor" value="Oracle Corporation"/>
    <property name="java.awt.graphicsenv" value="sun.awt.Win32GraphicsEnvironment"/>
    <property name="user.script" value=""/>
    <property name="sun.management.compiler" value="HotSpot 64-Bit Tiered Compilers"/>
    <property name="java.runtime.version" value="11.0.18+9-LTS-195"/>
    <property name="user.name" value="pc9-q"/>
    <property name="path.separator" value=";"/>
    <property name="os.version" value="10.0"/>
    <property name="java.runtime.name" value="Java(TM) SE Runtime Environment"/>
    <property name="file.encoding" value="Cp1252"/>
    <property name="guice.disable.misplaced.annotation.check" value="true"/>
    <property name="java.vm.name" value="Java HotSpot(TM) 64-Bit Server VM"/>
    <property name="java.vendor.version" value="18.9"/>
    <property name="java.vendor.url.bug" value="https://bugreport.java.com/bugreport/"/>
    <property name="java.io.tmpdir" value="C:\Users\pc9-q\AppData\Local\Temp\"/>
    <property name="java.version" value="11.0.18"/>
    <property name="user.dir" value="F:\GithubFinal\RefactorScript"/>
    <property name="os.arch" value="amd64"/>
    <property name="maven.multiModuleProjectDirectory" value="F:\GithubFinal\RefactorScript"/>
    <property name="java.vm.specification.name" value="Java Virtual Machine Specification"/>
    <property name="java.awt.printerjob" value="sun.awt.windows.WPrinterJob"/>
    <property name="env" value="EC"/>
    <property name="sun.os.patch.level" value=""/>
    <property name="java.library.path" value="C:\Program Files\Java\jdk-11\bin;C:\WINDOWS\Sun\Java\bin;C:\WINDOWS\system32;C:\WINDOWS;C:\Program Files\Common Files\Oracle\Java\javapath;C:\Program Files (x86)\Common Files\Oracle\Java\javapath;C:\WINDOWS\system32;C:\WINDOWS;C:\WINDOWS\System32\Wbem;C:\WINDOWS\System32\WindowsPowerShell\v1.0\;C:\WINDOWS\System32\OpenSSH\;C:\Program Files\Java\jdk-11\bin;C:\Program Files\Java\jre-1.8\bin;C:\Program Files\apache-maven-3.9.6\bin;C:\Program Files\Git\cmd;C:\Users\pc9-q\AppData\Local\Microsoft\WindowsApps;C:\Program Files\JetBrains\IntelliJ IDEA 2023.1.3\bin;;C:\IntelliJ IDEA Community Edition 2023.1.3\bin;;C:\Users\pc9-q\AppData\Local\GitHubDesktop\bin;C:\Program Files (x86)\EaseUS\Todo Backup\bin\x64\;."/>
    <property name="java.vendor" value="Oracle Corporation"/>
    <property name="java.vm.info" value="mixed mode"/>
    <property name="java.vm.version" value="11.0.18+9-LTS-195"/>
    <property name="classworlds.conf" value="C:\Program Files\apache-maven-3.9.6\bin\m2.conf"/>
    <property name="sun.io.unicode.encoding" value="UnicodeLittle"/>
    <property name="library.jansi.path" value="C:\Program Files\apache-maven-3.9.6\lib\jansi-native"/>
    <property name="java.class.version" value="55.0"/>
  </properties>
  <testcase name="Test_001_Login_gotoTechRo" classname="tests.tech.IssuePartToTech" time="42.693"/>
  <testcase name="Test_002_Enter_TechBadge_ClickGo" classname="tests.tech.IssuePartToTech" time="32.335"/>
  <testcase name="Test_003_Verify_BacktoScanEmployeeBadge" classname="tests.tech.IssuePartToTech" time="4.466"/>
  <testcase name="Test_004_Verify_Employee" classname="tests.tech.IssuePartToTech" time="4.091"/>
  <testcase name="Test_005_Verify_LocationAssignedtoEmployee" classname="tests.tech.IssuePartToTech" time="4.063"/>
  <testcase name="Test_006_Verify_SearchWorkInProgress" classname="tests.tech.IssuePartToTech" time="4.082"/>
  <testcase name="Test_007_Verify_Location" classname="tests.tech.IssuePartToTech" time="4.059"/>
  <testcase name="Test_008_Verify_UnitNumber" classname="tests.tech.IssuePartToTech" time="4.055"/>
  <testcase name="Test_009_click_PlusButton" classname="tests.tech.IssuePartToTech" time="4.057"/>
  <testcase name="Test_010_Verify_RO" classname="tests.tech.IssuePartToTech" time="4.053"/>
  <testcase name="Test_011_Verify_Date" classname="tests.tech.IssuePartToTech" time="4.054"/>
  <testcase name="Test_012_Verify_Description" classname="tests.tech.IssuePartToTech" time="4.058"/>
  <testcase name="Test_013_Verify_VMRS" classname="tests.tech.IssuePartToTech" time="4.078"/>
  <testcase name="Test_012_Verify_firstrowElement" classname="tests.tech.IssuePartToTech" time="4.109"/>
  <testcase name="Test_013_clickOnSelect" classname="tests.tech.IssuePartToTech" time="20.189"/>
  <testcase name="Test_014_verifyEmployeeDetails" classname="tests.tech.IssuePartToTech" time="4.969"/>
  <testcase name="Test_012_verifyElement" classname="tests.tech.IssuePartToTech" time="4.172"/>
  <testcase name="Test_013_verify" classname="tests.tech.IssuePartToTech" time="4.174"/>
  <testcase name="Test_014_enterPartNumber" classname="tests.tech.IssuePartToTech" time="24.303"/>
  <testcase name="Test_015_clickOnIssuePart" classname="tests.tech.IssuePartToTech" time="20.199"/>
  <testcase name="Test_016_VerifyPartName" classname="tests.tech.IssuePartToTech" time="4.049"/>
  <testcase name="Test_017_clickOnScanBadge" classname="tests.tech.IssuePartToTech" time="20.201"/>
  <testcase name="Test_018_clickOnSignOut" classname="tests.tech.IssuePartToTech" time="20.232"/>
  <testcase name="Test_019_loginAgain" classname="tests.tech.IssuePartToTech" time="30.232"/>
  <testcase name="Test_020_Enter_TechBadge_ClickGo" classname="tests.tech.IssuePartToTech" time="32.331"/>
  <testcase name="Test_021_clickOwnerName" classname="tests.tech.IssuePartToTech" time="49.37"/>
  <testcase name="Test_022_clickOnSelect" classname="tests.tech.IssuePartToTech" time="20.168"/>
  <testcase name="Test_023_clickOnMoreUnit" classname="tests.tech.IssuePartToTech" time="20.193"/>
  <testcase name="Test_024_" classname="tests.tech.IssuePartToTech" time="12.188"/>
  <testcase name="Test_025_" classname="tests.tech.IssuePartToTech" time="20.197"/>
  <testcase name="Test_026_" classname="tests.tech.IssuePartToTech" time="20.175"/>
  <testcase name="generateAllure" classname="tests.tech.IssuePartToTech" time="20.25">
    <failure type="java.lang.NullPointerException">java.lang.NullPointerException
</failure>
    <system-out><![CDATA[creating directory: __2024_01_29_15.20.09
Folder created
Before Report Process
This is CMD : null
]]></system-out>
  </testcase>
</testsuite>