<?xml version="1.0" encoding="UTF-8"?>
<testsuite xmlns:xsi="http://www.w3.org/2001/XMLSchema-instance" xsi:noNamespaceSchemaLocation="https://maven.apache.org/surefire/maven-surefire-plugin/xsd/surefire-test-report.xsd" name="tests.service.ServiceManagerWoLabor" time="676.087" tests="18" errors="0" skipped="0" failures="8">
  <properties>
    <property name="sun.desktop" value="windows"/>
    <property name="awt.toolkit" value="sun.awt.windows.WToolkit"/>
    <property name="java.specification.version" value="11"/>
    <property name="sun.cpu.isalist" value="amd64"/>
    <property name="sun.jnu.encoding" value="Cp1252"/>
    <property name="java.class.path" value="C:\Program Files\apache-maven-3.9.6\boot\plexus-classworlds-2.7.0.jar"/>
    <property name="java.vm.vendor" value="Oracle Corporation"/>
    <property name="sun.arch.data.model" value="64"/>
    <property name="user.variant" value=""/>
    <property name="java.vendor.url" value="https://openjdk.java.net/"/>
    <property name="user.timezone" value="Asia/Calcutta"/>
    <property name="maven.conf" value="C:\Program Files\apache-maven-3.9.6/conf"/>
    <property name="os.name" value="Windows 11"/>
    <property name="java.vm.specification.version" value="11"/>
    <property name="sun.java.launcher" value="SUN_STANDARD"/>
    <property name="user.country" value="US"/>
    <property name="sun.boot.library.path" value="C:\Program Files\Java\jdk-11\bin"/>
    <property name="sun.java.command" value="org.codehaus.plexus.classworlds.launcher.Launcher test -Dtest=tests.service.ServiceManagerWoLabor -Denv=EU"/>
    <property name="jdk.debug" value="release"/>
    <property name="maven.home" value="C:\Program Files\apache-maven-3.9.6"/>
    <property name="test" value="tests.service.ServiceManagerWoLabor"/>
    <property name="sun.cpu.endian" value="little"/>
    <property name="user.home" value="C:\Users\pc9-q"/>
    <property name="user.language" value="en"/>
    <property name="sun.stderr.encoding" value="cp437"/>
    <property name="java.specification.vendor" value="Oracle Corporation"/>
    <property name="java.version.date" value="2023-01-17"/>
    <property name="java.home" value="C:\Program Files\Java\jdk-11"/>
    <property name="file.separator" value="\"/>
    <property name="java.vm.compressedOopsMode" value="32-bit"/>
    <property name="line.separator" value="&#10;"/>
    <property name="sun.stdout.encoding" value="cp437"/>
    <property name="java.specification.name" value="Java Platform API Specification"/>
    <property name="java.vm.specification.vendor" value="Oracle Corporation"/>
    <property name="java.awt.graphicsenv" value="sun.awt.Win32GraphicsEnvironment"/>
    <property name="user.script" value=""/>
    <property name="sun.management.compiler" value="HotSpot 64-Bit Tiered Compilers"/>
    <property name="java.runtime.version" value="11.0.18+9-LTS-195"/>
    <property name="user.name" value="pc9-q"/>
    <property name="path.separator" value=";"/>
    <property name="os.version" value="10.0"/>
    <property name="java.runtime.name" value="Java(TM) SE Runtime Environment"/>
    <property name="file.encoding" value="Cp1252"/>
    <property name="guice.disable.misplaced.annotation.check" value="true"/>
    <property name="java.vm.name" value="Java HotSpot(TM) 64-Bit Server VM"/>
    <property name="java.vendor.version" value="18.9"/>
    <property name="java.vendor.url.bug" value="https://bugreport.java.com/bugreport/"/>
    <property name="java.io.tmpdir" value="C:\Users\pc9-q\AppData\Local\Temp\"/>
    <property name="java.version" value="11.0.18"/>
    <property name="user.dir" value="F:\GithubFinal\RefactorScript"/>
    <property name="os.arch" value="amd64"/>
    <property name="maven.multiModuleProjectDirectory" value="F:\GithubFinal\RefactorScript"/>
    <property name="java.vm.specification.name" value="Java Virtual Machine Specification"/>
    <property name="java.awt.printerjob" value="sun.awt.windows.WPrinterJob"/>
    <property name="env" value="EU"/>
    <property name="sun.os.patch.level" value=""/>
    <property name="java.library.path" value="C:\Program Files\Java\jdk-11\bin;C:\WINDOWS\Sun\Java\bin;C:\WINDOWS\system32;C:\WINDOWS;C:\Program Files\Common Files\Oracle\Java\javapath;C:\Program Files (x86)\Common Files\Oracle\Java\javapath;C:\WINDOWS\system32;C:\WINDOWS;C:\WINDOWS\System32\Wbem;C:\WINDOWS\System32\WindowsPowerShell\v1.0\;C:\WINDOWS\System32\OpenSSH\;C:\Program Files\Java\jdk-11\bin;C:\Program Files\Java\jre-1.8\bin;C:\Program Files\apache-maven-3.9.6\bin;C:\Program Files\Git\cmd;C:\Users\pc9-q\AppData\Local\Microsoft\WindowsApps;C:\Program Files\JetBrains\IntelliJ IDEA 2023.1.3\bin;;C:\IntelliJ IDEA Community Edition 2023.1.3\bin;;C:\Users\pc9-q\AppData\Local\GitHubDesktop\bin;C:\Program Files (x86)\EaseUS\Todo Backup\bin\x64\;."/>
    <property name="java.vendor" value="Oracle Corporation"/>
    <property name="java.vm.info" value="mixed mode"/>
    <property name="java.vm.version" value="11.0.18+9-LTS-195"/>
    <property name="classworlds.conf" value="C:\Program Files\apache-maven-3.9.6\bin\m2.conf"/>
    <property name="sun.io.unicode.encoding" value="UnicodeLittle"/>
    <property name="library.jansi.path" value="C:\Program Files\apache-maven-3.9.6\lib\jansi-native"/>
    <property name="java.class.version" value="55.0"/>
  </properties>
  <testcase name="gotoCompleteRoScreen" classname="tests.service.ServiceManagerWoLabor" time="42.788"/>
  <testcase name="verifyAllElements" classname="tests.service.ServiceManagerWoLabor" time="13.013"/>
  <testcase name="clickOnRONumber_VerifyElements" classname="tests.service.ServiceManagerWoLabor" time="45.028"/>
  <testcase name="ClickInternalLink_and_EnterText" classname="tests.service.ServiceManagerWoLabor" time="62.994"/>
  <testcase name="clickOnThisIsStandardNote_EnterInternalNote" classname="tests.service.ServiceManagerWoLabor" time="58.876"/>
  <testcase name="clickOnNotes_and_EnterTextInNoteField" classname="tests.service.ServiceManagerWoLabor" time="61.862"/>
  <testcase name="verifyAuthorizedBy_and_ClickOnLink" classname="tests.service.ServiceManagerWoLabor" time="30.551"/>
  <testcase name="clickOnAdd_and_EntertheText" classname="tests.service.ServiceManagerWoLabor" time="68.926"/>
  <testcase name="ennterLastName_and_clickOnSelectBtn" classname="tests.service.ServiceManagerWoLabor" time="36.656"/>
  <testcase name="verifyElementofMainScreen" classname="tests.service.ServiceManagerWoLabor" time="24.927"/>
  <testcase name="clickOnRoStatus_and_CloseButton" classname="tests.service.ServiceManagerWoLabor" time="26.427">
    <failure message="expected [true] but found [false]" type="java.lang.AssertionError">java.lang.AssertionError: expected [true] but found [false]
	at tests.service.ServiceManagerWoLabor.clickOnRoStatus_and_CloseButton(ServiceManagerWoLabor.java:111)
</failure>
    <system-out><![CDATA[Loader is not visible
MethodclickOnRoStatus_and_CloseButton Fail
Screen captured for test case : clickOnRoStatus_and_CloseButton:Fail
]]></system-out>
  </testcase>
  <testcase name="clickOnWIPStatus_and_clickCancle" classname="tests.service.ServiceManagerWoLabor" time="21.221">
    <failure message="element click intercepted: Element &lt;a id=&quot;reg1:0:rWO:0:cl53&quot; class=&quot;xgp p_AFTextOnly&quot; style=&quot;&quot; data-afr-fcs=&quot;true&quot; href=&quot;#&quot; onclick=&quot;this.focus();return false&quot; data-afr-tlen=&quot;17&quot;&gt;...&lt;/a&gt; is not clickable at point (150, 274). Other element would receive the click: &lt;div class=&quot;AFModalGlassPane&quot; style=&quot;width: 1366px; height: 599px; user-select: none; z-index: 82;&quot;&gt;&lt;/div&gt;&#10;  (Session info: chrome=122.0.6261.94)&#10;Build info: version: &apos;4.7.2&apos;, revision: &apos;4d4020c3b7&apos;&#10;System info: os.name: &apos;Windows 11&apos;, os.arch: &apos;amd64&apos;, os.version: &apos;10.0&apos;, java.version: &apos;11.0.18&apos;&#10;Driver info: org.openqa.selenium.chrome.ChromeDriver&#10;Command: [b2f139424945a5973edb80cc95667290, clickElement {id=f.6E06E68C46627C5B6117A8E39BC1C267.d.2C9EB75440878EBCCEC09EC3B5583C5D.e.1253}]&#10;Capabilities {acceptInsecureCerts: false, browserName: chrome, browserVersion: 122.0.6261.94, chrome: {chromedriverVersion: 122.0.6261.94 (880dbf29479c..., userDataDir: C:\Users\pc9-q\AppData\Loca...}, fedcm:accounts: true, goog:chromeOptions: {debuggerAddress: localhost:56976}, networkConnectionEnabled: false, pageLoadStrategy: normal, platformName: WINDOWS, proxy: Proxy(), se:cdp: ws://localhost:56976/devtoo..., se:cdpVersion: 122.0.6261.94, setWindowRect: true, strictFileInteractability: false, timeouts: {implicit: 0, pageLoad: 300000, script: 30000}, unhandledPromptBehavior: dismiss and notify, webauthn:extension:credBlob: true, webauthn:extension:largeBlob: true, webauthn:extension:minPinLength: true, webauthn:extension:prf: true, webauthn:virtualAuthenticators: true}&#10;Element: [[ChromeDriver: chrome on WINDOWS (b2f139424945a5973edb80cc95667290)] -&gt; xpath: //label[text()=&apos;WIP Status:&apos;]/following::a[1]]&#10;Session ID: b2f139424945a5973edb80cc95667290" type="org.openqa.selenium.ElementClickInterceptedException"><![CDATA[org.openqa.selenium.ElementClickInterceptedException: 
element click intercepted: Element <a id="reg1:0:rWO:0:cl53" class="xgp p_AFTextOnly" style="" data-afr-fcs="true" href="#" onclick="this.focus();return false" data-afr-tlen="17">...</a> is not clickable at point (150, 274). Other element would receive the click: <div class="AFModalGlassPane" style="width: 1366px; height: 599px; user-select: none; z-index: 82;"></div>
  (Session info: chrome=122.0.6261.94)
Build info: version: '4.7.2', revision: '4d4020c3b7'
System info: os.name: 'Windows 11', os.arch: 'amd64', os.version: '10.0', java.version: '11.0.18'
Driver info: org.openqa.selenium.chrome.ChromeDriver
Command: [b2f139424945a5973edb80cc95667290, clickElement {id=f.6E06E68C46627C5B6117A8E39BC1C267.d.2C9EB75440878EBCCEC09EC3B5583C5D.e.1253}]
Capabilities {acceptInsecureCerts: false, browserName: chrome, browserVersion: 122.0.6261.94, chrome: {chromedriverVersion: 122.0.6261.94 (880dbf29479c..., userDataDir: C:\Users\pc9-q\AppData\Loca...}, fedcm:accounts: true, goog:chromeOptions: {debuggerAddress: localhost:56976}, networkConnectionEnabled: false, pageLoadStrategy: normal, platformName: WINDOWS, proxy: Proxy(), se:cdp: ws://localhost:56976/devtoo..., se:cdpVersion: 122.0.6261.94, setWindowRect: true, strictFileInteractability: false, timeouts: {implicit: 0, pageLoad: 300000, script: 30000}, unhandledPromptBehavior: dismiss and notify, webauthn:extension:credBlob: true, webauthn:extension:largeBlob: true, webauthn:extension:minPinLength: true, webauthn:extension:prf: true, webauthn:virtualAuthenticators: true}
Element: [[ChromeDriver: chrome on WINDOWS (b2f139424945a5973edb80cc95667290)] -> xpath: //label[text()='WIP Status:']/following::a[1]]
Session ID: b2f139424945a5973edb80cc95667290
	at tests.service.ServiceManagerWoLabor.clickOnWIPStatus_and_clickCancle(ServiceManagerWoLabor.java:118)
]]></failure>
    <system-out><![CDATA[MethodclickOnWIPStatus_and_clickCancle Fail
Screen captured for test case : clickOnWIPStatus_and_clickCancle:Fail
]]></system-out>
  </testcase>
  <testcase name="clickOnTypelink_and_clickOnSelect" classname="tests.service.ServiceManagerWoLabor" time="21.242">
    <failure message="element click intercepted: Element &lt;a id=&quot;reg1:0:rWO:0:clRST&quot; class=&quot;xgp p_AFTextOnly&quot; data-afr-fcs=&quot;true&quot; href=&quot;#&quot; onclick=&quot;this.focus();return false&quot; data-afr-tlen=&quot;8&quot;&gt;...&lt;/a&gt; is not clickable at point (316, 229). Other element would receive the click: &lt;div id=&quot;reg1:0:rWO:0:r7:1:tRSH::db&quot; class=&quot;x17e&quot; style=&quot;position: relative; width: 720px; overflow: hidden; height: 426px; z-index: 1;&quot; _afrcolcount=&quot;4&quot;&gt;...&lt;/div&gt;&#10;  (Session info: chrome=122.0.6261.94)&#10;Build info: version: &apos;4.7.2&apos;, revision: &apos;4d4020c3b7&apos;&#10;System info: os.name: &apos;Windows 11&apos;, os.arch: &apos;amd64&apos;, os.version: &apos;10.0&apos;, java.version: &apos;11.0.18&apos;&#10;Driver info: org.openqa.selenium.chrome.ChromeDriver&#10;Command: [b2f139424945a5973edb80cc95667290, clickElement {id=f.6E06E68C46627C5B6117A8E39BC1C267.d.2C9EB75440878EBCCEC09EC3B5583C5D.e.1254}]&#10;Capabilities {acceptInsecureCerts: false, browserName: chrome, browserVersion: 122.0.6261.94, chrome: {chromedriverVersion: 122.0.6261.94 (880dbf29479c..., userDataDir: C:\Users\pc9-q\AppData\Loca...}, fedcm:accounts: true, goog:chromeOptions: {debuggerAddress: localhost:56976}, networkConnectionEnabled: false, pageLoadStrategy: normal, platformName: WINDOWS, proxy: Proxy(), se:cdp: ws://localhost:56976/devtoo..., se:cdpVersion: 122.0.6261.94, setWindowRect: true, strictFileInteractability: false, timeouts: {implicit: 0, pageLoad: 300000, script: 30000}, unhandledPromptBehavior: dismiss and notify, webauthn:extension:credBlob: true, webauthn:extension:largeBlob: true, webauthn:extension:minPinLength: true, webauthn:extension:prf: true, webauthn:virtualAuthenticators: true}&#10;Element: [[ChromeDriver: chrome on WINDOWS (b2f139424945a5973edb80cc95667290)] -&gt; xpath: //label[text()=&apos;Type:&apos;]/following::a[1]]&#10;Session ID: b2f139424945a5973edb80cc95667290" type="org.openqa.selenium.ElementClickInterceptedException"><![CDATA[org.openqa.selenium.ElementClickInterceptedException: 
element click intercepted: Element <a id="reg1:0:rWO:0:clRST" class="xgp p_AFTextOnly" data-afr-fcs="true" href="#" onclick="this.focus();return false" data-afr-tlen="8">...</a> is not clickable at point (316, 229). Other element would receive the click: <div id="reg1:0:rWO:0:r7:1:tRSH::db" class="x17e" style="position: relative; width: 720px; overflow: hidden; height: 426px; z-index: 1;" _afrcolcount="4">...</div>
  (Session info: chrome=122.0.6261.94)
Build info: version: '4.7.2', revision: '4d4020c3b7'
System info: os.name: 'Windows 11', os.arch: 'amd64', os.version: '10.0', java.version: '11.0.18'
Driver info: org.openqa.selenium.chrome.ChromeDriver
Command: [b2f139424945a5973edb80cc95667290, clickElement {id=f.6E06E68C46627C5B6117A8E39BC1C267.d.2C9EB75440878EBCCEC09EC3B5583C5D.e.1254}]
Capabilities {acceptInsecureCerts: false, browserName: chrome, browserVersion: 122.0.6261.94, chrome: {chromedriverVersion: 122.0.6261.94 (880dbf29479c..., userDataDir: C:\Users\pc9-q\AppData\Loca...}, fedcm:accounts: true, goog:chromeOptions: {debuggerAddress: localhost:56976}, networkConnectionEnabled: false, pageLoadStrategy: normal, platformName: WINDOWS, proxy: Proxy(), se:cdp: ws://localhost:56976/devtoo..., se:cdpVersion: 122.0.6261.94, setWindowRect: true, strictFileInteractability: false, timeouts: {implicit: 0, pageLoad: 300000, script: 30000}, unhandledPromptBehavior: dismiss and notify, webauthn:extension:credBlob: true, webauthn:extension:largeBlob: true, webauthn:extension:minPinLength: true, webauthn:extension:prf: true, webauthn:virtualAuthenticators: true}
Element: [[ChromeDriver: chrome on WINDOWS (b2f139424945a5973edb80cc95667290)] -> xpath: //label[text()='Type:']/following::a[1]]
Session ID: b2f139424945a5973edb80cc95667290
	at tests.service.ServiceManagerWoLabor.clickOnTypelink_and_clickOnSelect(ServiceManagerWoLabor.java:126)
]]></failure>
    <system-out><![CDATA[MethodclickOnTypelink_and_clickOnSelect Fail
Screen captured for test case : clickOnTypelink_and_clickOnSelect:Fail
]]></system-out>
  </testcase>
  <testcase name="clickOnInvoiceTohyperlink_and_clickOnCancle" classname="tests.service.ServiceManagerWoLabor" time="24.379">
    <failure message="element click intercepted: Element &lt;a id=&quot;reg1:0:rWO:0:clSearchCustomerQuery&quot; class=&quot;xgp p_AFTextOnly&quot; data-afr-fcs=&quot;true&quot; href=&quot;#&quot; onclick=&quot;this.focus();return false&quot; data-afr-tlen=&quot;19&quot;&gt;...&lt;/a&gt; is not clickable at point (965, 148). Other element would receive the click: &lt;div id=&quot;reg1:0:rWO:0:r7:1:pgl79&quot; class=&quot;x1a&quot; style=&quot;position:absolute;width:auto;height:auto;top:0px;left:0px;bottom:0px;right:0px;overflow:auto;&quot;&gt;...&lt;/div&gt;&#10;  (Session info: chrome=122.0.6261.94)&#10;Build info: version: &apos;4.7.2&apos;, revision: &apos;4d4020c3b7&apos;&#10;System info: os.name: &apos;Windows 11&apos;, os.arch: &apos;amd64&apos;, os.version: &apos;10.0&apos;, java.version: &apos;11.0.18&apos;&#10;Driver info: org.openqa.selenium.chrome.ChromeDriver&#10;Command: [b2f139424945a5973edb80cc95667290, clickElement {id=f.6E06E68C46627C5B6117A8E39BC1C267.d.2C9EB75440878EBCCEC09EC3B5583C5D.e.1255}]&#10;Capabilities {acceptInsecureCerts: false, browserName: chrome, browserVersion: 122.0.6261.94, chrome: {chromedriverVersion: 122.0.6261.94 (880dbf29479c..., userDataDir: C:\Users\pc9-q\AppData\Loca...}, fedcm:accounts: true, goog:chromeOptions: {debuggerAddress: localhost:56976}, networkConnectionEnabled: false, pageLoadStrategy: normal, platformName: WINDOWS, proxy: Proxy(), se:cdp: ws://localhost:56976/devtoo..., se:cdpVersion: 122.0.6261.94, setWindowRect: true, strictFileInteractability: false, timeouts: {implicit: 0, pageLoad: 300000, script: 30000}, unhandledPromptBehavior: dismiss and notify, webauthn:extension:credBlob: true, webauthn:extension:largeBlob: true, webauthn:extension:minPinLength: true, webauthn:extension:prf: true, webauthn:virtualAuthenticators: true}&#10;Element: [[ChromeDriver: chrome on WINDOWS (b2f139424945a5973edb80cc95667290)] -&gt; xpath: //label[text()=&apos;Invoice To:&apos;]/following::a[1]]&#10;Session ID: b2f139424945a5973edb80cc95667290" type="org.openqa.selenium.ElementClickInterceptedException"><![CDATA[org.openqa.selenium.ElementClickInterceptedException: 
element click intercepted: Element <a id="reg1:0:rWO:0:clSearchCustomerQuery" class="xgp p_AFTextOnly" data-afr-fcs="true" href="#" onclick="this.focus();return false" data-afr-tlen="19">...</a> is not clickable at point (965, 148). Other element would receive the click: <div id="reg1:0:rWO:0:r7:1:pgl79" class="x1a" style="position:absolute;width:auto;height:auto;top:0px;left:0px;bottom:0px;right:0px;overflow:auto;">...</div>
  (Session info: chrome=122.0.6261.94)
Build info: version: '4.7.2', revision: '4d4020c3b7'
System info: os.name: 'Windows 11', os.arch: 'amd64', os.version: '10.0', java.version: '11.0.18'
Driver info: org.openqa.selenium.chrome.ChromeDriver
Command: [b2f139424945a5973edb80cc95667290, clickElement {id=f.6E06E68C46627C5B6117A8E39BC1C267.d.2C9EB75440878EBCCEC09EC3B5583C5D.e.1255}]
Capabilities {acceptInsecureCerts: false, browserName: chrome, browserVersion: 122.0.6261.94, chrome: {chromedriverVersion: 122.0.6261.94 (880dbf29479c..., userDataDir: C:\Users\pc9-q\AppData\Loca...}, fedcm:accounts: true, goog:chromeOptions: {debuggerAddress: localhost:56976}, networkConnectionEnabled: false, pageLoadStrategy: normal, platformName: WINDOWS, proxy: Proxy(), se:cdp: ws://localhost:56976/devtoo..., se:cdpVersion: 122.0.6261.94, setWindowRect: true, strictFileInteractability: false, timeouts: {implicit: 0, pageLoad: 300000, script: 30000}, unhandledPromptBehavior: dismiss and notify, webauthn:extension:credBlob: true, webauthn:extension:largeBlob: true, webauthn:extension:minPinLength: true, webauthn:extension:prf: true, webauthn:virtualAuthenticators: true}
Element: [[ChromeDriver: chrome on WINDOWS (b2f139424945a5973edb80cc95667290)] -> xpath: //label[text()='Invoice To:']/following::a[1]]
Session ID: b2f139424945a5973edb80cc95667290
	at tests.service.ServiceManagerWoLabor.clickOnInvoiceTohyperlink_and_clickOnCancle(ServiceManagerWoLabor.java:135)
]]></failure>
    <system-out><![CDATA[MethodclickOnInvoiceTohyperlink_and_clickOnCancle Fail
Screen captured for test case : clickOnInvoiceTohyperlink_and_clickOnCancle:Fail
]]></system-out>
  </testcase>
  <testcase name="clickViewProfitLoss_and_clickOk" classname="tests.service.ServiceManagerWoLabor" time="21.203">
    <failure message="element click intercepted: Element &lt;span id=&quot;reg1:0:rWO:0:clVROPL::text&quot; class=&quot;x1al&quot;&gt;...&lt;/span&gt; is not clickable at point (1054, 303). Other element would receive the click: &lt;div id=&quot;reg1:0:rWO:0:r7:1:pgl79&quot; class=&quot;x1a&quot; style=&quot;position:absolute;width:auto;height:auto;top:0px;left:0px;bottom:0px;right:0px;overflow:auto;&quot;&gt;...&lt;/div&gt;&#10;  (Session info: chrome=122.0.6261.94)&#10;Build info: version: &apos;4.7.2&apos;, revision: &apos;4d4020c3b7&apos;&#10;System info: os.name: &apos;Windows 11&apos;, os.arch: &apos;amd64&apos;, os.version: &apos;10.0&apos;, java.version: &apos;11.0.18&apos;&#10;Driver info: org.openqa.selenium.chrome.ChromeDriver&#10;Command: [b2f139424945a5973edb80cc95667290, clickElement {id=f.6E06E68C46627C5B6117A8E39BC1C267.d.2C9EB75440878EBCCEC09EC3B5583C5D.e.1256}]&#10;Capabilities {acceptInsecureCerts: false, browserName: chrome, browserVersion: 122.0.6261.94, chrome: {chromedriverVersion: 122.0.6261.94 (880dbf29479c..., userDataDir: C:\Users\pc9-q\AppData\Loca...}, fedcm:accounts: true, goog:chromeOptions: {debuggerAddress: localhost:56976}, networkConnectionEnabled: false, pageLoadStrategy: normal, platformName: WINDOWS, proxy: Proxy(), se:cdp: ws://localhost:56976/devtoo..., se:cdpVersion: 122.0.6261.94, setWindowRect: true, strictFileInteractability: false, timeouts: {implicit: 0, pageLoad: 300000, script: 30000}, unhandledPromptBehavior: dismiss and notify, webauthn:extension:credBlob: true, webauthn:extension:largeBlob: true, webauthn:extension:minPinLength: true, webauthn:extension:prf: true, webauthn:virtualAuthenticators: true}&#10;Element: [[ChromeDriver: chrome on WINDOWS (b2f139424945a5973edb80cc95667290)] -&gt; xpath: //a[contains(@id,&apos;clVROPL&apos;)]/span]&#10;Session ID: b2f139424945a5973edb80cc95667290" type="org.openqa.selenium.ElementClickInterceptedException"><![CDATA[org.openqa.selenium.ElementClickInterceptedException: 
element click intercepted: Element <span id="reg1:0:rWO:0:clVROPL::text" class="x1al">...</span> is not clickable at point (1054, 303). Other element would receive the click: <div id="reg1:0:rWO:0:r7:1:pgl79" class="x1a" style="position:absolute;width:auto;height:auto;top:0px;left:0px;bottom:0px;right:0px;overflow:auto;">...</div>
  (Session info: chrome=122.0.6261.94)
Build info: version: '4.7.2', revision: '4d4020c3b7'
System info: os.name: 'Windows 11', os.arch: 'amd64', os.version: '10.0', java.version: '11.0.18'
Driver info: org.openqa.selenium.chrome.ChromeDriver
Command: [b2f139424945a5973edb80cc95667290, clickElement {id=f.6E06E68C46627C5B6117A8E39BC1C267.d.2C9EB75440878EBCCEC09EC3B5583C5D.e.1256}]
Capabilities {acceptInsecureCerts: false, browserName: chrome, browserVersion: 122.0.6261.94, chrome: {chromedriverVersion: 122.0.6261.94 (880dbf29479c..., userDataDir: C:\Users\pc9-q\AppData\Loca...}, fedcm:accounts: true, goog:chromeOptions: {debuggerAddress: localhost:56976}, networkConnectionEnabled: false, pageLoadStrategy: normal, platformName: WINDOWS, proxy: Proxy(), se:cdp: ws://localhost:56976/devtoo..., se:cdpVersion: 122.0.6261.94, setWindowRect: true, strictFileInteractability: false, timeouts: {implicit: 0, pageLoad: 300000, script: 30000}, unhandledPromptBehavior: dismiss and notify, webauthn:extension:credBlob: true, webauthn:extension:largeBlob: true, webauthn:extension:minPinLength: true, webauthn:extension:prf: true, webauthn:virtualAuthenticators: true}
Element: [[ChromeDriver: chrome on WINDOWS (b2f139424945a5973edb80cc95667290)] -> xpath: //a[contains(@id,'clVROPL')]/span]
Session ID: b2f139424945a5973edb80cc95667290
	at tests.service.ServiceManagerWoLabor.clickViewProfitLoss_and_clickOk(ServiceManagerWoLabor.java:143)
]]></failure>
    <system-out><![CDATA[MethodclickViewProfitLoss_and_clickOk Fail
Screen captured for test case : clickViewProfitLoss_and_clickOk:Fail
]]></system-out>
  </testcase>
  <testcase name="clickOn_ShowLabourDetails_Number_ShowPartsDetails" classname="tests.service.ServiceManagerWoLabor" time="21.252">
    <failure message="element click intercepted: Element &lt;span class=&quot;xfx&quot;&gt;...&lt;/span&gt; is not clickable at point (560, 402). Other element would receive the click: &lt;div id=&quot;reg1:0:rWO:0:r7:1:tRSH::db&quot; class=&quot;x17e&quot; style=&quot;position: relative; width: 720px; overflow: hidden; height: 426px; z-index: 1;&quot; _afrcolcount=&quot;4&quot;&gt;...&lt;/div&gt;&#10;  (Session info: chrome=122.0.6261.94)&#10;Build info: version: &apos;4.7.2&apos;, revision: &apos;4d4020c3b7&apos;&#10;System info: os.name: &apos;Windows 11&apos;, os.arch: &apos;amd64&apos;, os.version: &apos;10.0&apos;, java.version: &apos;11.0.18&apos;&#10;Driver info: org.openqa.selenium.chrome.ChromeDriver&#10;Command: [b2f139424945a5973edb80cc95667290, clickElement {id=f.6E06E68C46627C5B6117A8E39BC1C267.d.2C9EB75440878EBCCEC09EC3B5583C5D.e.1257}]&#10;Capabilities {acceptInsecureCerts: false, browserName: chrome, browserVersion: 122.0.6261.94, chrome: {chromedriverVersion: 122.0.6261.94 (880dbf29479c..., userDataDir: C:\Users\pc9-q\AppData\Loca...}, fedcm:accounts: true, goog:chromeOptions: {debuggerAddress: localhost:56976}, networkConnectionEnabled: false, pageLoadStrategy: normal, platformName: WINDOWS, proxy: Proxy(), se:cdp: ws://localhost:56976/devtoo..., se:cdpVersion: 122.0.6261.94, setWindowRect: true, strictFileInteractability: false, timeouts: {implicit: 0, pageLoad: 300000, script: 30000}, unhandledPromptBehavior: dismiss and notify, webauthn:extension:credBlob: true, webauthn:extension:largeBlob: true, webauthn:extension:minPinLength: true, webauthn:extension:prf: true, webauthn:virtualAuthenticators: true}&#10;Element: [[ChromeDriver: chrome on WINDOWS (b2f139424945a5973edb80cc95667290)] -&gt; xpath: //span[text()=&apos;Re-Sequence&apos;]/following::span[1]]&#10;Session ID: b2f139424945a5973edb80cc95667290" type="org.openqa.selenium.ElementClickInterceptedException"><![CDATA[org.openqa.selenium.ElementClickInterceptedException: 
element click intercepted: Element <span class="xfx">...</span> is not clickable at point (560, 402). Other element would receive the click: <div id="reg1:0:rWO:0:r7:1:tRSH::db" class="x17e" style="position: relative; width: 720px; overflow: hidden; height: 426px; z-index: 1;" _afrcolcount="4">...</div>
  (Session info: chrome=122.0.6261.94)
Build info: version: '4.7.2', revision: '4d4020c3b7'
System info: os.name: 'Windows 11', os.arch: 'amd64', os.version: '10.0', java.version: '11.0.18'
Driver info: org.openqa.selenium.chrome.ChromeDriver
Command: [b2f139424945a5973edb80cc95667290, clickElement {id=f.6E06E68C46627C5B6117A8E39BC1C267.d.2C9EB75440878EBCCEC09EC3B5583C5D.e.1257}]
Capabilities {acceptInsecureCerts: false, browserName: chrome, browserVersion: 122.0.6261.94, chrome: {chromedriverVersion: 122.0.6261.94 (880dbf29479c..., userDataDir: C:\Users\pc9-q\AppData\Loca...}, fedcm:accounts: true, goog:chromeOptions: {debuggerAddress: localhost:56976}, networkConnectionEnabled: false, pageLoadStrategy: normal, platformName: WINDOWS, proxy: Proxy(), se:cdp: ws://localhost:56976/devtoo..., se:cdpVersion: 122.0.6261.94, setWindowRect: true, strictFileInteractability: false, timeouts: {implicit: 0, pageLoad: 300000, script: 30000}, unhandledPromptBehavior: dismiss and notify, webauthn:extension:credBlob: true, webauthn:extension:largeBlob: true, webauthn:extension:minPinLength: true, webauthn:extension:prf: true, webauthn:virtualAuthenticators: true}
Element: [[ChromeDriver: chrome on WINDOWS (b2f139424945a5973edb80cc95667290)] -> xpath: //span[text()='Re-Sequence']/following::span[1]]
Session ID: b2f139424945a5973edb80cc95667290
	at tests.service.ServiceManagerWoLabor.clickOn_ShowLabourDetails_Number_ShowPartsDetails(ServiceManagerWoLabor.java:152)
]]></failure>
    <system-out><![CDATA[MethodclickOn_ShowLabourDetails_Number_ShowPartsDetails Fail
Screen captured for test case : clickOn_ShowLabourDetails_Number_ShowPartsDetails:Fail
]]></system-out>
  </testcase>
  <testcase name="clickOnBacktoCompleteRo_and_ReferenceNumber" classname="tests.service.ServiceManagerWoLabor" time="21.202">
    <failure message="element click intercepted: Element &lt;span id=&quot;reg1:0:rWO:0:ciTFR::text&quot; class=&quot;x1al&quot;&gt;...&lt;/span&gt; is not clickable at point (77, 102). Other element would receive the click: &lt;div class=&quot;AFModalGlassPane&quot; style=&quot;width: 1366px; height: 599px; user-select: none; z-index: 82;&quot;&gt;&lt;/div&gt;&#10;  (Session info: chrome=122.0.6261.94)&#10;Build info: version: &apos;4.7.2&apos;, revision: &apos;4d4020c3b7&apos;&#10;System info: os.name: &apos;Windows 11&apos;, os.arch: &apos;amd64&apos;, os.version: &apos;10.0&apos;, java.version: &apos;11.0.18&apos;&#10;Driver info: org.openqa.selenium.chrome.ChromeDriver&#10;Command: [b2f139424945a5973edb80cc95667290, clickElement {id=f.6E06E68C46627C5B6117A8E39BC1C267.d.2C9EB75440878EBCCEC09EC3B5583C5D.e.1258}]&#10;Capabilities {acceptInsecureCerts: false, browserName: chrome, browserVersion: 122.0.6261.94, chrome: {chromedriverVersion: 122.0.6261.94 (880dbf29479c..., userDataDir: C:\Users\pc9-q\AppData\Loca...}, fedcm:accounts: true, goog:chromeOptions: {debuggerAddress: localhost:56976}, networkConnectionEnabled: false, pageLoadStrategy: normal, platformName: WINDOWS, proxy: Proxy(), se:cdp: ws://localhost:56976/devtoo..., se:cdpVersion: 122.0.6261.94, setWindowRect: true, strictFileInteractability: false, timeouts: {implicit: 0, pageLoad: 300000, script: 30000}, unhandledPromptBehavior: dismiss and notify, webauthn:extension:credBlob: true, webauthn:extension:largeBlob: true, webauthn:extension:minPinLength: true, webauthn:extension:prf: true, webauthn:virtualAuthenticators: true}&#10;Element: [[ChromeDriver: chrome on WINDOWS (b2f139424945a5973edb80cc95667290)] -&gt; xpath: //span[text()=&apos;Back to Complete RO&apos;]]&#10;Session ID: b2f139424945a5973edb80cc95667290" type="org.openqa.selenium.ElementClickInterceptedException"><![CDATA[org.openqa.selenium.ElementClickInterceptedException: 
element click intercepted: Element <span id="reg1:0:rWO:0:ciTFR::text" class="x1al">...</span> is not clickable at point (77, 102). Other element would receive the click: <div class="AFModalGlassPane" style="width: 1366px; height: 599px; user-select: none; z-index: 82;"></div>
  (Session info: chrome=122.0.6261.94)
Build info: version: '4.7.2', revision: '4d4020c3b7'
System info: os.name: 'Windows 11', os.arch: 'amd64', os.version: '10.0', java.version: '11.0.18'
Driver info: org.openqa.selenium.chrome.ChromeDriver
Command: [b2f139424945a5973edb80cc95667290, clickElement {id=f.6E06E68C46627C5B6117A8E39BC1C267.d.2C9EB75440878EBCCEC09EC3B5583C5D.e.1258}]
Capabilities {acceptInsecureCerts: false, browserName: chrome, browserVersion: 122.0.6261.94, chrome: {chromedriverVersion: 122.0.6261.94 (880dbf29479c..., userDataDir: C:\Users\pc9-q\AppData\Loca...}, fedcm:accounts: true, goog:chromeOptions: {debuggerAddress: localhost:56976}, networkConnectionEnabled: false, pageLoadStrategy: normal, platformName: WINDOWS, proxy: Proxy(), se:cdp: ws://localhost:56976/devtoo..., se:cdpVersion: 122.0.6261.94, setWindowRect: true, strictFileInteractability: false, timeouts: {implicit: 0, pageLoad: 300000, script: 30000}, unhandledPromptBehavior: dismiss and notify, webauthn:extension:credBlob: true, webauthn:extension:largeBlob: true, webauthn:extension:minPinLength: true, webauthn:extension:prf: true, webauthn:virtualAuthenticators: true}
Element: [[ChromeDriver: chrome on WINDOWS (b2f139424945a5973edb80cc95667290)] -> xpath: //span[text()='Back to Complete RO']]
Session ID: b2f139424945a5973edb80cc95667290
	at tests.service.ServiceManagerWoLabor.clickOnBacktoCompleteRo_and_ReferenceNumber(ServiceManagerWoLabor.java:160)
]]></failure>
    <system-out><![CDATA[MethodclickOnBacktoCompleteRo_and_ReferenceNumber Fail
Screen captured for test case : clickOnBacktoCompleteRo_and_ReferenceNumber:Fail
]]></system-out>
  </testcase>
  <testcase name="clickOnUpdateRates_and_SignOut" classname="tests.service.ServiceManagerWoLabor" time="21.254">
    <failure message="element click intercepted: Element &lt;span id=&quot;reg1:0:rWO:0:cl12::text&quot; class=&quot;x1al&quot;&gt;...&lt;/span&gt; is not clickable at point (1070, 225). Other element would receive the click: &lt;div id=&quot;reg1:0:rWO:0:r7:1:pgl79&quot; class=&quot;x1a&quot; style=&quot;position:absolute;width:auto;height:auto;top:0px;left:0px;bottom:0px;right:0px;overflow:auto;&quot;&gt;...&lt;/div&gt;&#10;  (Session info: chrome=122.0.6261.94)&#10;Build info: version: &apos;4.7.2&apos;, revision: &apos;4d4020c3b7&apos;&#10;System info: os.name: &apos;Windows 11&apos;, os.arch: &apos;amd64&apos;, os.version: &apos;10.0&apos;, java.version: &apos;11.0.18&apos;&#10;Driver info: org.openqa.selenium.chrome.ChromeDriver&#10;Command: [b2f139424945a5973edb80cc95667290, clickElement {id=f.6E06E68C46627C5B6117A8E39BC1C267.d.2C9EB75440878EBCCEC09EC3B5583C5D.e.1259}]&#10;Capabilities {acceptInsecureCerts: false, browserName: chrome, browserVersion: 122.0.6261.94, chrome: {chromedriverVersion: 122.0.6261.94 (880dbf29479c..., userDataDir: C:\Users\pc9-q\AppData\Loca...}, fedcm:accounts: true, goog:chromeOptions: {debuggerAddress: localhost:56976}, networkConnectionEnabled: false, pageLoadStrategy: normal, platformName: WINDOWS, proxy: Proxy(), se:cdp: ws://localhost:56976/devtoo..., se:cdpVersion: 122.0.6261.94, setWindowRect: true, strictFileInteractability: false, timeouts: {implicit: 0, pageLoad: 300000, script: 30000}, unhandledPromptBehavior: dismiss and notify, webauthn:extension:credBlob: true, webauthn:extension:largeBlob: true, webauthn:extension:minPinLength: true, webauthn:extension:prf: true, webauthn:virtualAuthenticators: true}&#10;Element: [[ChromeDriver: chrome on WINDOWS (b2f139424945a5973edb80cc95667290)] -&gt; xpath: //a[contains(@id,&apos;cl12&apos;)]/span]&#10;Session ID: b2f139424945a5973edb80cc95667290" type="org.openqa.selenium.ElementClickInterceptedException"><![CDATA[org.openqa.selenium.ElementClickInterceptedException: 
element click intercepted: Element <span id="reg1:0:rWO:0:cl12::text" class="x1al">...</span> is not clickable at point (1070, 225). Other element would receive the click: <div id="reg1:0:rWO:0:r7:1:pgl79" class="x1a" style="position:absolute;width:auto;height:auto;top:0px;left:0px;bottom:0px;right:0px;overflow:auto;">...</div>
  (Session info: chrome=122.0.6261.94)
Build info: version: '4.7.2', revision: '4d4020c3b7'
System info: os.name: 'Windows 11', os.arch: 'amd64', os.version: '10.0', java.version: '11.0.18'
Driver info: org.openqa.selenium.chrome.ChromeDriver
Command: [b2f139424945a5973edb80cc95667290, clickElement {id=f.6E06E68C46627C5B6117A8E39BC1C267.d.2C9EB75440878EBCCEC09EC3B5583C5D.e.1259}]
Capabilities {acceptInsecureCerts: false, browserName: chrome, browserVersion: 122.0.6261.94, chrome: {chromedriverVersion: 122.0.6261.94 (880dbf29479c..., userDataDir: C:\Users\pc9-q\AppData\Loca...}, fedcm:accounts: true, goog:chromeOptions: {debuggerAddress: localhost:56976}, networkConnectionEnabled: false, pageLoadStrategy: normal, platformName: WINDOWS, proxy: Proxy(), se:cdp: ws://localhost:56976/devtoo..., se:cdpVersion: 122.0.6261.94, setWindowRect: true, strictFileInteractability: false, timeouts: {implicit: 0, pageLoad: 300000, script: 30000}, unhandledPromptBehavior: dismiss and notify, webauthn:extension:credBlob: true, webauthn:extension:largeBlob: true, webauthn:extension:minPinLength: true, webauthn:extension:prf: true, webauthn:virtualAuthenticators: true}
Element: [[ChromeDriver: chrome on WINDOWS (b2f139424945a5973edb80cc95667290)] -> xpath: //a[contains(@id,'cl12')]/span]
Session ID: b2f139424945a5973edb80cc95667290
	at tests.service.ServiceManagerWoLabor.clickOnUpdateRates_and_SignOut(ServiceManagerWoLabor.java:168)
]]></failure>
    <system-out><![CDATA[MethodclickOnUpdateRates_and_SignOut Fail
Screen captured for test case : clickOnUpdateRates_and_SignOut:Fail
]]></system-out>
  </testcase>
</testsuite>