<?xml version="1.0" encoding="UTF-8"?>
<testsuite xmlns:xsi="http://www.w3.org/2001/XMLSchema-instance" xsi:noNamespaceSchemaLocation="https://maven.apache.org/surefire/maven-surefire-plugin/xsd/surefire-test-report.xsd" name="tests.service.ServiceManagerWoLabor" time="934.365" tests="18" errors="0" skipped="0" failures="0">
  <properties>
    <property name="sun.desktop" value="windows"/>
    <property name="awt.toolkit" value="sun.awt.windows.WToolkit"/>
    <property name="java.specification.version" value="11"/>
    <property name="sun.cpu.isalist" value="amd64"/>
    <property name="sun.jnu.encoding" value="Cp1252"/>
    <property name="java.class.path" value="D:\apache-maven-3.9.5-bin\apache-maven-3.9.5\boot\plexus-classworlds-2.7.0.jar"/>
    <property name="java.vm.vendor" value="Oracle Corporation"/>
    <property name="sun.arch.data.model" value="64"/>
    <property name="user.variant" value=""/>
    <property name="java.vendor.url" value="https://openjdk.java.net/"/>
    <property name="user.timezone" value="Asia/Calcutta"/>
    <property name="maven.conf" value="D:\apache-maven-3.9.5-bin\apache-maven-3.9.5/conf"/>
    <property name="os.name" value="Windows 10"/>
    <property name="java.vm.specification.version" value="11"/>
    <property name="sun.java.launcher" value="SUN_STANDARD"/>
    <property name="user.country" value="US"/>
    <property name="sun.boot.library.path" value="C:\Program Files\Java\jdk-11\bin"/>
    <property name="sun.java.command" value="org.codehaus.plexus.classworlds.launcher.Launcher test -Dtest=tests.service.ServiceManagerWoLabor -Denv=NA"/>
    <property name="jdk.debug" value="release"/>
    <property name="maven.home" value="D:\apache-maven-3.9.5-bin\apache-maven-3.9.5"/>
    <property name="test" value="tests.service.ServiceManagerWoLabor"/>
    <property name="sun.cpu.endian" value="little"/>
    <property name="user.home" value="C:\Users\dell"/>
    <property name="user.language" value="en"/>
    <property name="sun.stderr.encoding" value="cp437"/>
    <property name="java.specification.vendor" value="Oracle Corporation"/>
    <property name="java.version.date" value="2023-01-17"/>
    <property name="java.home" value="C:\Program Files\Java\jdk-11"/>
    <property name="file.separator" value="\"/>
    <property name="java.vm.compressedOopsMode" value="32-bit"/>
    <property name="line.separator" value="&#10;"/>
    <property name="sun.stdout.encoding" value="cp437"/>
    <property name="java.specification.name" value="Java Platform API Specification"/>
    <property name="java.vm.specification.vendor" value="Oracle Corporation"/>
    <property name="java.awt.graphicsenv" value="sun.awt.Win32GraphicsEnvironment"/>
    <property name="user.script" value=""/>
    <property name="sun.management.compiler" value="HotSpot 64-Bit Tiered Compilers"/>
    <property name="java.runtime.version" value="11.0.18+9-LTS-195"/>
    <property name="user.name" value="dell"/>
    <property name="path.separator" value=";"/>
    <property name="os.version" value="10.0"/>
    <property name="java.runtime.name" value="Java(TM) SE Runtime Environment"/>
    <property name="file.encoding" value="Cp1252"/>
    <property name="guice.disable.misplaced.annotation.check" value="true"/>
    <property name="java.vm.name" value="Java HotSpot(TM) 64-Bit Server VM"/>
    <property name="java.vendor.version" value="18.9"/>
    <property name="java.vendor.url.bug" value="https://bugreport.java.com/bugreport/"/>
    <property name="java.io.tmpdir" value="C:\Users\dell\AppData\Local\Temp\"/>
    <property name="java.version" value="11.0.18"/>
    <property name="user.dir" value="D:\GitHub\RefactorScript"/>
    <property name="os.arch" value="amd64"/>
    <property name="maven.multiModuleProjectDirectory" value="D:\GitHub\RefactorScript"/>
    <property name="java.vm.specification.name" value="Java Virtual Machine Specification"/>
    <property name="java.awt.printerjob" value="sun.awt.windows.WPrinterJob"/>
    <property name="env" value="NA"/>
    <property name="sun.os.patch.level" value=""/>
    <property name="java.library.path" value="C:\Program Files\Java\jdk-11\bin;C:\WINDOWS\Sun\Java\bin;C:\WINDOWS\system32;C:\WINDOWS;D:\Emdecs_Test_Automation\allure-2.13.6\bin;C:\Program Files\Common Files\Oracle\Java\javapath;C:\WINDOWS\system32;C:\WINDOWS;C:\WINDOWS\System32\Wbem;C:\WINDOWS\System32\WindowsPowerShell\v1.0\;C:\WINDOWS\System32\OpenSSH\;C:\Program Files\dotnet\;C:\Program Files\Java\jdk-11\bin;C:\ProgramData\chocolatey\bin;C:\Program Files\Git\cmd;C:\flutter\bin;D:\apache-maven-3.9.5-bin\apache-maven-3.9.5\bin;C:\Program Files\nodejs\;C:\Users\dell\AppData\Local\Microsoft\WindowsApps;C:\Program Files\JetBrains\IntelliJ IDEA Community Edition 2023.1.1\bin;;C:\Users\dell\AppData\Local\GitHubDesktop\bin;C:\Program Files\JetBrains\PyCharm Community Edition 2023.2\bin;;C:\flutter\bin;;C:\Users\dell\AppData\Local\Programs\Microsoft VS Code\bin;C:\Users\dell\AppData\Roaming\npm;."/>
    <property name="java.vendor" value="Oracle Corporation"/>
    <property name="java.vm.info" value="mixed mode"/>
    <property name="java.vm.version" value="11.0.18+9-LTS-195"/>
    <property name="classworlds.conf" value="D:\apache-maven-3.9.5-bin\apache-maven-3.9.5\bin\m2.conf"/>
    <property name="sun.io.unicode.encoding" value="UnicodeLittle"/>
    <property name="library.jansi.path" value="D:\apache-maven-3.9.5-bin\apache-maven-3.9.5\lib\jansi-native"/>
    <property name="java.class.version" value="55.0"/>
  </properties>
  <testcase name="gotoCompleteRoScreen" classname="tests.service.ServiceManagerWoLabor" time="34.044"/>
  <testcase name="verifyAllElements" classname="tests.service.ServiceManagerWoLabor" time="15.561"/>
  <testcase name="clickOnRONumber_VerifyElements" classname="tests.service.ServiceManagerWoLabor" time="47.917"/>
  <testcase name="ClickInternalLink_and_EnterText" classname="tests.service.ServiceManagerWoLabor" time="60.613"/>
  <testcase name="clickOnThisIsStandardNote_EnterInternalNote" classname="tests.service.ServiceManagerWoLabor" time="59.104"/>
  <testcase name="clickOnNotes_and_EnterTextInNoteField" classname="tests.service.ServiceManagerWoLabor" time="59.084"/>
  <testcase name="verifyAuthorizedBy_and_ClickOnLink" classname="tests.service.ServiceManagerWoLabor" time="31.965"/>
  <testcase name="clickOnAdd_and_EntertheText" classname="tests.service.ServiceManagerWoLabor" time="62.736"/>
  <testcase name="ennterLastName_and_clickOnSelectBtn" classname="tests.service.ServiceManagerWoLabor" time="33.99"/>
  <testcase name="verifyElementofMainScreen" classname="tests.service.ServiceManagerWoLabor" time="27.234"/>
  <testcase name="clickOnRoStatus_and_CloseButton" classname="tests.service.ServiceManagerWoLabor" time="50.116"/>
  <testcase name="clickOnWIPStatus_and_clickCancle" classname="tests.service.ServiceManagerWoLabor" time="58.489"/>
  <testcase name="clickOnTypelink_and_clickOnSelect" classname="tests.service.ServiceManagerWoLabor" time="58.398"/>
  <testcase name="clickOnInvoiceTohyperlink_and_clickOnCancle" classname="tests.service.ServiceManagerWoLabor" time="54.439"/>
  <testcase name="clickViewProfitLoss_and_clickOk" classname="tests.service.ServiceManagerWoLabor" time="50.525"/>
  <testcase name="clickOn_ShowLabourDetails_Number_ShowPartsDetails" classname="tests.service.ServiceManagerWoLabor" time="45.493"/>
  <testcase name="clickOnBacktoCompleteRo_and_ReferenceNumber" classname="tests.service.ServiceManagerWoLabor" time="45.602"/>
  <testcase name="clickOnUpdateRates_and_SignOut" classname="tests.service.ServiceManagerWoLabor" time="75.894"/>
</testsuite>