<?xml version="1.0" encoding="UTF-8"?>
<testsuite xmlns:xsi="http://www.w3.org/2001/XMLSchema-instance" xsi:noNamespaceSchemaLocation="https://maven.apache.org/surefire/maven-surefire-plugin/xsd/surefire-test-report.xsd" name="tests.service.ServiceManagerWoLabor" time="983.464" tests="18" errors="0" skipped="0" failures="0">
  <properties>
    <property name="java.specification.version" value="18"/>
    <property name="sun.cpu.isalist" value="amd64"/>
    <property name="sun.jnu.encoding" value="Cp1252"/>
    <property name="java.class.path" value="C:\Program Files\apache-maven-3.9.6\boot\plexus-classworlds-2.7.0.jar"/>
    <property name="java.vm.vendor" value="Oracle Corporation"/>
    <property name="sun.arch.data.model" value="64"/>
    <property name="user.variant" value=""/>
    <property name="java.vendor.url" value="https://java.oracle.com/"/>
    <property name="user.timezone" value="Asia/Calcutta"/>
    <property name="maven.conf" value="C:\Program Files\apache-maven-3.9.6/conf"/>
    <property name="java.vm.specification.version" value="18"/>
    <property name="os.name" value="Windows 10"/>
    <property name="sun.java.launcher" value="SUN_STANDARD"/>
    <property name="user.country" value="US"/>
    <property name="sun.boot.library.path" value="C:\Program Files\Java\jdk-18.0.1.1\bin"/>
    <property name="sun.java.command" value="org.codehaus.plexus.classworlds.launcher.Launcher test -Dtest=tests.service.ServiceManagerWoLabor -Denv=EU"/>
    <property name="jdk.debug" value="release"/>
    <property name="maven.home" value="C:\Program Files\apache-maven-3.9.6"/>
    <property name="test" value="tests.service.ServiceManagerWoLabor"/>
    <property name="sun.cpu.endian" value="little"/>
    <property name="user.home" value="C:\Users\hp"/>
    <property name="user.language" value="en"/>
    <property name="sun.stderr.encoding" value="cp437"/>
    <property name="java.specification.vendor" value="Oracle Corporation"/>
    <property name="java.version.date" value="2022-04-22"/>
    <property name="java.home" value="C:\Program Files\Java\jdk-18.0.1.1"/>
    <property name="file.separator" value="\"/>
    <property name="java.vm.compressedOopsMode" value="32-bit"/>
    <property name="line.separator" value="&#10;"/>
    <property name="sun.stdout.encoding" value="cp437"/>
    <property name="java.vm.specification.vendor" value="Oracle Corporation"/>
    <property name="java.specification.name" value="Java Platform API Specification"/>
    <property name="user.script" value=""/>
    <property name="sun.management.compiler" value="HotSpot 64-Bit Tiered Compilers"/>
    <property name="java.runtime.version" value="18.0.1.1+2-6"/>
    <property name="user.name" value="hp"/>
    <property name="path.separator" value=";"/>
    <property name="os.version" value="10.0"/>
    <property name="java.runtime.name" value="Java(TM) SE Runtime Environment"/>
    <property name="file.encoding" value="UTF-8"/>
    <property name="guice.disable.misplaced.annotation.check" value="true"/>
    <property name="java.vm.name" value="Java HotSpot(TM) 64-Bit Server VM"/>
    <property name="java.vendor.url.bug" value="https://bugreport.java.com/bugreport/"/>
    <property name="java.io.tmpdir" value="C:\Users\hp\AppData\Local\Temp\"/>
    <property name="java.version" value="18.0.1.1"/>
    <property name="user.dir" value="F:\NewGitFinal\RefactorScript"/>
    <property name="os.arch" value="amd64"/>
    <property name="maven.multiModuleProjectDirectory" value="F:\NewGitFinal\RefactorScript"/>
    <property name="java.vm.specification.name" value="Java Virtual Machine Specification"/>
    <property name="env" value="EU"/>
    <property name="sun.os.patch.level" value=""/>
    <property name="native.encoding" value="Cp1252"/>
    <property name="java.library.path" value="C:\Program Files\Java\jdk-18.0.1.1\bin;C:\Windows\Sun\Java\bin;C:\Windows\system32;C:\Windows;C:\Program Files\Common Files\Oracle\Java\javapath;C:\Program Files (x86)\Common Files\Oracle\Java\javapath;C:\Windows\system32;C:\Windows;C:\Windows\System32\Wbem;C:\Windows\System32\WindowsPowerShell\v1.0\;C:\Windows\System32\OpenSSH\;C:\Program Files\Git\cmd;C:\Program Files\apache-maven-3.9.6\bin;C:\Users\hp\AppData\Local\Microsoft\WindowsApps;C:\Users\hp\AppData\Local\GitHubDesktop\bin;."/>
    <property name="java.vm.info" value="mixed mode, sharing"/>
    <property name="java.vendor" value="Oracle Corporation"/>
    <property name="java.vm.version" value="18.0.1.1+2-6"/>
    <property name="classworlds.conf" value="C:\Program Files\apache-maven-3.9.6\bin\m2.conf"/>
    <property name="sun.io.unicode.encoding" value="UnicodeLittle"/>
    <property name="library.jansi.path" value="C:\Program Files\apache-maven-3.9.6\lib\jansi-native"/>
    <property name="java.class.version" value="62.0"/>
  </properties>
  <testcase name="gotoCompleteRoScreen" classname="tests.service.ServiceManagerWoLabor" time="65.478"/>
  <testcase name="verifyAllElements" classname="tests.service.ServiceManagerWoLabor" time="14.961"/>
  <testcase name="clickOnRONumber_VerifyElements" classname="tests.service.ServiceManagerWoLabor" time="46.33"/>
  <testcase name="ClickInternalLink_and_EnterText" classname="tests.service.ServiceManagerWoLabor" time="64.569"/>
  <testcase name="clickOnThisIsStandardNote_EnterInternalNote" classname="tests.service.ServiceManagerWoLabor" time="63.194"/>
  <testcase name="clickOnNotes_and_EnterTextInNoteField" classname="tests.service.ServiceManagerWoLabor" time="63.021"/>
  <testcase name="verifyAuthorizedBy_and_ClickOnLink" classname="tests.service.ServiceManagerWoLabor" time="31.688"/>
  <testcase name="clickOnAdd_and_EntertheText" classname="tests.service.ServiceManagerWoLabor" time="70.527"/>
  <testcase name="ennterLastName_and_clickOnSelectBtn" classname="tests.service.ServiceManagerWoLabor" time="37.731"/>
  <testcase name="verifyElementofMainScreen" classname="tests.service.ServiceManagerWoLabor" time="32.865"/>
  <testcase name="clickOnRoStatus_and_CloseButton" classname="tests.service.ServiceManagerWoLabor" time="49.941"/>
  <testcase name="clickOnWIPStatus_and_clickCancle" classname="tests.service.ServiceManagerWoLabor" time="58.265"/>
  <testcase name="clickOnTypelink_and_clickOnSelect" classname="tests.service.ServiceManagerWoLabor" time="58.405"/>
  <testcase name="clickOnInvoiceTohyperlink_and_clickOnCancle" classname="tests.service.ServiceManagerWoLabor" time="54.074"/>
  <testcase name="clickViewProfitLoss_and_clickOk" classname="tests.service.ServiceManagerWoLabor" time="50.439"/>
  <testcase name="clickOn_ShowLabourDetails_Number_ShowPartsDetails" classname="tests.service.ServiceManagerWoLabor" time="45.378"/>
  <testcase name="clickOnBacktoCompleteRo_and_ReferenceNumber" classname="tests.service.ServiceManagerWoLabor" time="45.75"/>
  <testcase name="clickOnUpdateRates_and_SignOut" classname="tests.service.ServiceManagerWoLabor" time="63.569"/>
</testsuite>