<?xml version="1.0" encoding="UTF-8"?>
<!-- Generated by org.testng.reporters.JUnitReportReporter -->
<testsuite hostname="PC-5" failures="0" tests="11" name="tests.Estimate.SubmitAnEstimateServiceManager" time="741.398" errors="0" timestamp="23 Jan 2024 09:33:32 GMT">
  <testcase classname="tests.Estimate.SubmitAnEstimateServiceManager" name="Test_001_gotoServiceBoardScreen" time="39.030"/>
  <testcase classname="tests.Estimate.SubmitAnEstimateServiceManager" name="Test_009_clickonAddLabour" time="105.106"/>
  <testcase classname="tests.Estimate.SubmitAnEstimateServiceManager" name="Test_003_RequiredLocation" time="53.004"/>
  <testcase classname="tests.Estimate.SubmitAnEstimateServiceManager" name="Test_004_verifyRequiredDate" time="44.839"/>
  <testcase classname="tests.Estimate.SubmitAnEstimateServiceManager" name="Test_005_verifyPart" time="48.752"/>
  <testcase classname="tests.Estimate.SubmitAnEstimateServiceManager" name="Test_002_clickOnEstimate" time="24.045"/>
  <testcase classname="tests.Estimate.SubmitAnEstimateServiceManager" name="Test_010_clickOnAddParts" time="103.176"/>
  <testcase classname="tests.Estimate.SubmitAnEstimateServiceManager" name="Test_006_verifyLabour" time="40.713"/>
  <testcase classname="tests.Estimate.SubmitAnEstimateServiceManager" name="Test_007_verifyAddParts" time="36.577"/>
  <testcase classname="tests.Estimate.SubmitAnEstimateServiceManager" name="Test_008_clickonAddLabour" time="157.680"/>
  <testcase classname="tests.Estimate.SubmitAnEstimateServiceManager" name="Test_011_storeLaborCostHeader" time="88.476"/>
</testsuite> <!-- tests.Estimate.SubmitAnEstimateServiceManager -->
