<?xml version="1.0" encoding="UTF-8"?>
<!-- Generated by org.testng.reporters.JUnitReportReporter -->
<testsuite hostname="DESKTOP-RH29BD1" failures="0" tests="9" name="tests.parts.ReceiveParts" time="646.850" errors="0" timestamp="25 Jan 2024 07:28:13 GMT">
  <testcase classname="tests.parts.ReceiveParts" name="Test_009_clickOnCancelButton" time="214.544"/>
  <testcase classname="tests.parts.ReceiveParts" name="Test_002_clickOnPoNumber" time="31.824"/>
  <testcase classname="tests.parts.ReceiveParts" name="Test_004_verifyNotes" time="37.442"/>
  <testcase classname="tests.parts.ReceiveParts" name="Test_003_verifyPurchesOrder" time="49.975"/>
  <testcase classname="tests.parts.ReceiveParts" name="Test_005_verifyvoidedDate" time="58.096"/>
  <testcase classname="tests.parts.ReceiveParts" name="Test_001_gotoReceiveParts" time="34.686"/>
  <testcase classname="tests.parts.ReceiveParts" name="Test_008_verifyHash" time="88.698"/>
  <testcase classname="tests.parts.ReceiveParts" name="Test_006_verifyVendorPart" time="49.810"/>
  <testcase classname="tests.parts.ReceiveParts" name="Test_007_verifyLink" time="81.775"/>
</testsuite> <!-- tests.parts.ReceiveParts -->
