<?xml version="1.0" encoding="UTF-8"?>
<!-- Generated by org.testng.reporters.JUnitReportReporter -->
<testsuite hostname="PC-9" failures="0" tests="4" name="tests.techRo.ServiceManagerJournalize" time="205.275" errors="0" timestamp="6 Feb 2024 13:04:58 GMT">
  <testcase classname="tests.techRo.ServiceManagerJournalize" name="Test_001_gotoFinancials" time="42.490"/>
  <testcase classname="tests.techRo.ServiceManagerJournalize" name="Test_003_clickOnServiceBoard" time="6.253"/>
  <testcase classname="tests.techRo.ServiceManagerJournalize" name="Test_004_clickOnFinancialManagerText" time="91.045"/>
  <testcase classname="tests.techRo.ServiceManagerJournalize" name="Test_002_clickOnGenerateJournals" time="65.487"/>
</testsuite> <!-- tests.techRo.ServiceManagerJournalize -->
