<?xml version="1.0" encoding="UTF-8"?>
<!-- Generated by org.testng.reporters.JUnitReportReporter -->
<testsuite hostname="DESKTOP-HN0C78P" failures="0" tests="2" name="tests.service.ServiceManagerChangeCustomerPOafterInvoicing" time="106.815" errors="0" timestamp="23 Jan 2024 04:17:06 GMT">
  <testcase classname="tests.service.ServiceManagerChangeCustomerPOafterInvoicing" name="gotoCompleteRo" time="65.800"/>
  <testcase classname="tests.service.ServiceManagerChangeCustomerPOafterInvoicing" name="verification_ofElement_SignOut" time="41.015"/>
</testsuite> <!-- tests.service.ServiceManagerChangeCustomerPOafterInvoicing -->
