<?xml version="1.0" encoding="UTF-8"?>
<!-- Generated by org.testng.reporters.JUnitReportReporter -->
<testsuite hostname="DESKTOP-HN0C78P" failures="0" tests="9" name="tests.parts.ReceiveParts" time="656.456" errors="0" timestamp="23 Jan 2024 03:33:22 GMT">
  <testcase classname="tests.parts.ReceiveParts" name="Test_008_verifyHash" time="88.350"/>
  <testcase classname="tests.parts.ReceiveParts" name="Test_001_gotoReceiveParts" time="43.927"/>
  <testcase classname="tests.parts.ReceiveParts" name="Test_005_verifyvoidedDate" time="58.093"/>
  <testcase classname="tests.parts.ReceiveParts" name="Test_007_verifyLink" time="80.339"/>
  <testcase classname="tests.parts.ReceiveParts" name="Test_006_verifyVendorPart" time="49.905"/>
  <testcase classname="tests.parts.ReceiveParts" name="Test_003_verifyPurchesOrder" time="49.917"/>
  <testcase classname="tests.parts.ReceiveParts" name="Test_004_verifyNotes" time="37.439"/>
  <testcase classname="tests.parts.ReceiveParts" name="Test_009_clickOnCancelButton" time="216.657"/>
  <testcase classname="tests.parts.ReceiveParts" name="Test_002_clickOnPoNumber" time="31.829"/>
</testsuite> <!-- tests.parts.ReceiveParts -->
