<?xml version="1.0" encoding="UTF-8"?>
<!-- Generated by org.testng.reporters.JUnitReportReporter -->
<testsuite hostname="PC-9" failures="0" tests="7" name="tests.parts.CounterSale" time="601.847" errors="0" timestamp="31 Jan 2024 07:46:28 GMT">
  <testcase classname="tests.parts.CounterSale" name="add_parts_in_counter_sale" time="131.973"/>
  <testcase classname="tests.parts.CounterSale" name="add_new_counter_sale" time="97.677"/>
  <testcase classname="tests.parts.CounterSale" name="verify_counter_sale_page" time="32.217"/>
  <testcase classname="tests.parts.CounterSale" name="verify_all_fields" time="12.954"/>
  <testcase classname="tests.parts.CounterSale" name="goto_countersaleManager_screen" time="42.197"/>
  <testcase classname="tests.parts.CounterSale" name="verify_location_popUp" time="91.588"/>
  <testcase classname="tests.parts.CounterSale" name="check_invoice_and_signout" time="193.241"/>
</testsuite> <!-- tests.parts.CounterSale -->
