<?xml version="1.0" encoding="UTF-8"?>
<!-- Generated by org.testng.reporters.JUnitReportReporter -->
<testsuite hostname="PC-9" failures="0" tests="7" name="tests.parts.CounterSale" time="586.766" errors="0" timestamp="28 Feb 2024 12:04:05 GMT">
  <testcase classname="tests.parts.CounterSale" name="verify_location_popUp" time="93.166"/>
  <testcase classname="tests.parts.CounterSale" name="add_new_counter_sale" time="97.609"/>
  <testcase classname="tests.parts.CounterSale" name="add_parts_in_counter_sale" time="131.999"/>
  <testcase classname="tests.parts.CounterSale" name="verify_all_fields" time="12.886"/>
  <testcase classname="tests.parts.CounterSale" name="check_invoice_and_signout" time="176.066"/>
  <testcase classname="tests.parts.CounterSale" name="goto_countersaleManager_screen" time="42.819"/>
  <testcase classname="tests.parts.CounterSale" name="verify_counter_sale_page" time="32.221"/>
</testsuite> <!-- tests.parts.CounterSale -->
