<?xml version="1.0" encoding="UTF-8"?>
<!-- Generated by org.testng.reporters.JUnitReportReporter -->
<testsuite hostname="DESKTOP-RH29BD1" failures="0" tests="5" name="tests.fleet.CreateUnit" time="227.654" errors="0" timestamp="25 Jan 2024 13:27:55 GMT">
  <testcase classname="tests.fleet.CreateUnit" name="Test_004_enterFieldsAndClickOnSave" time="47.893"/>
  <testcase classname="tests.fleet.CreateUnit" name="Test_005_Verify_unit_created" time="65.346"/>
  <testcase classname="tests.fleet.CreateUnit" name="Test_001_gotoUnitMasterScreen" time="54.020"/>
  <testcase classname="tests.fleet.CreateUnit" name="Test_002_clickAddNewROAndSelectUnit" time="34.001"/>
  <testcase classname="tests.fleet.CreateUnit" name="Test_003_verifyAllFormFields" time="26.394"/>
</testsuite> <!-- tests.fleet.CreateUnit -->
