<?xml version="1.0" encoding="UTF-8"?>
<!-- Generated by org.testng.reporters.JUnitReportReporter -->
<testsuite hostname="PC-9" failures="0" tests="10" name="tests.tech.TechWoLabor" time="572.271" errors="0" timestamp="23 Jan 2024 07:34:54 GMT">
  <testcase classname="tests.tech.TechWoLabor" name="enter_AeroDynamic_ClickIMG" time="42.824"/>
  <testcase classname="tests.tech.TechWoLabor" name="clickOn_SelectButton" time="87.434"/>
  <testcase classname="tests.tech.TechWoLabor" name="gotoTechRo" time="127.805"/>
  <testcase classname="tests.tech.TechWoLabor" name="enter_AccessoriesGroup_Img" time="81.767"/>
  <testcase classname="tests.tech.TechWoLabor" name="enter_Unit_Number" time="52.966"/>
  <testcase classname="tests.tech.TechWoLabor" name="add_AeroDynamic_Delete_Labour" time="36.699"/>
  <testcase classname="tests.tech.TechWoLabor" name="enter_AeroDynamic_Device_First" time="14.318"/>
  <testcase classname="tests.tech.TechWoLabor" name="verifyElement_Click_UnitHistory" time="55.298"/>
  <testcase classname="tests.tech.TechWoLabor" name="clickOn_Labour_MoreWork_VMRSTab" time="22.341"/>
  <testcase classname="tests.tech.TechWoLabor" name="again_Add_AeroDynamicDevice" time="50.819"/>
</testsuite> <!-- tests.tech.TechWoLabor -->
