<?xml version="1.0" encoding="UTF-8"?>
<!-- Generated by org.testng.reporters.JUnitReportReporter -->
<testsuite hostname="PC-9" failures="0" tests="6" name="tests.fleet.UomforpressureonInspectionInformationAllowed" time="567.217" errors="0" timestamp="27 Feb 2024 07:59:03 GMT">
  <testcase classname="tests.fleet.UomforpressureonInspectionInformationAllowed" name="Test_004_clickOnAddUnitInspectionInformationTwo" time="108.544"/>
  <testcase classname="tests.fleet.UomforpressureonInspectionInformationAllowed" name="Test_002_clickOnUnitInspectionInformation" time="136.377"/>
  <testcase classname="tests.fleet.UomforpressureonInspectionInformationAllowed" name="Test_005_gotoUnitMaster" time="30.232"/>
  <testcase classname="tests.fleet.UomforpressureonInspectionInformationAllowed" name="Test_003_clickOnAddUnitInspectionInformation" time="83.329"/>
  <testcase classname="tests.fleet.UomforpressureonInspectionInformationAllowed" name="Test_001_gotoPMInspectionManager" time="52.221"/>
  <testcase classname="tests.fleet.UomforpressureonInspectionInformationAllowed" name="Test_006_clickonMoreInfo" time="156.514"/>
</testsuite> <!-- tests.fleet.UomforpressureonInspectionInformationAllowed -->
