<?xml version="1.0" encoding="UTF-8"?>
<!-- Generated by org.testng.reporters.JUnitReportReporter -->
<testsuite hostname="PC-5" failures="0" tests="4" name="tests.parts.JournalizePartsInvoice" time="213.874" errors="0" timestamp="23 Jan 2024 08:49:18 GMT">
  <testcase classname="tests.parts.JournalizePartsInvoice" name="serviceBoard" time="50.759"/>
  <testcase classname="tests.parts.JournalizePartsInvoice" name="gotoFinancialManager" time="33.960"/>
  <testcase classname="tests.parts.JournalizePartsInvoice" name="financialManager" time="61.354"/>
  <testcase classname="tests.parts.JournalizePartsInvoice" name="clickOnGererateJournals_checkbox" time="67.801"/>
</testsuite> <!-- tests.parts.JournalizePartsInvoice -->
