<?xml version="1.0" encoding="UTF-8"?>
<!-- Generated by org.testng.reporters.JUnitReportReporter -->
<testsuite hostname="DESKTOP-HN0C78P" failures="0" tests="5" name="tests.fleet.CreateUnit" time="313.578" errors="0" timestamp="23 Jan 2024 03:20:55 GMT">
  <testcase classname="tests.fleet.CreateUnit" name="Test_004_enterFieldsAndClickOnSave" time="118.120"/>
  <testcase classname="tests.fleet.CreateUnit" name="Test_003_verifyAllFormFields" time="27.425"/>
  <testcase classname="tests.fleet.CreateUnit" name="Test_005_Verify_unit_created" time="65.975"/>
  <testcase classname="tests.fleet.CreateUnit" name="Test_001_gotoUnitMasterScreen" time="64.599"/>
  <testcase classname="tests.fleet.CreateUnit" name="Test_002_clickAddNewROAndSelectUnit" time="37.459"/>
</testsuite> <!-- tests.fleet.CreateUnit -->
