<?xml version="1.0" encoding="UTF-8"?>
<!-- Generated by org.testng.reporters.JUnitReportReporter -->
<testsuite hostname="DESKTOP-RH29BD1" failures="0" tests="6" name="tests.parts.CreatePart" time="326.948" errors="0" timestamp="19 Jan 2024 06:22:11 GMT">
  <testcase classname="tests.parts.CreatePart" name="click_NewPart_Verify_All_Elements" time="62.993"/>
  <testcase classname="tests.parts.CreatePart" name="gotoPartsMaster" time="30.098"/>
  <testcase classname="tests.parts.CreatePart" name="create_new_part" time="71.357"/>
  <testcase classname="tests.parts.CreatePart" name="search_the_number" time="75.610"/>
  <testcase classname="tests.parts.CreatePart" name="signOut_verify_username" time="62.777"/>
  <testcase classname="tests.parts.CreatePart" name="verify_standard_field" time="24.113"/>
</testsuite> <!-- tests.parts.CreatePart -->
