<?xml version="1.0" encoding="UTF-8"?>
<!-- Generated by org.testng.reporters.JUnitReportReporter -->
<testsuite hostname="DESKTOP-RH29BD1" failures="0" tests="5" name="tests.fleet.CreateUnit" time="274.418" errors="0" timestamp="19 Jan 2024 06:30:48 GMT">
  <testcase classname="tests.fleet.CreateUnit" name="Test_001_gotoUnitMasterScreen" time="65.977"/>
  <testcase classname="tests.fleet.CreateUnit" name="Test_005_Verify_unit_created" time="76.331"/>
  <testcase classname="tests.fleet.CreateUnit" name="Test_004_enterFieldsAndClickOnSave" time="47.690"/>
  <testcase classname="tests.fleet.CreateUnit" name="Test_003_verifyAllFormFields" time="50.432"/>
  <testcase classname="tests.fleet.CreateUnit" name="Test_002_clickAddNewROAndSelectUnit" time="33.988"/>
</testsuite> <!-- tests.fleet.CreateUnit -->
