<?xml version="1.0" encoding="UTF-8"?>
<!-- Generated by org.testng.reporters.JUnitReportReporter -->
<testsuite hostname="PC-9" failures="0" tests="7" name="tests.parts.CounterSale" time="618.599" errors="0" timestamp="29 Jan 2024 13:34:07 GMT">
  <testcase classname="tests.parts.CounterSale" name="check_invoice_and_signout" time="203.367"/>
  <testcase classname="tests.parts.CounterSale" name="verify_location_popUp" time="91.420"/>
  <testcase classname="tests.parts.CounterSale" name="goto_countersaleManager_screen" time="45.849"/>
  <testcase classname="tests.parts.CounterSale" name="add_parts_in_counter_sale" time="131.685"/>
  <testcase classname="tests.parts.CounterSale" name="verify_counter_sale_page" time="32.167"/>
  <testcase classname="tests.parts.CounterSale" name="verify_all_fields" time="12.917"/>
  <testcase classname="tests.parts.CounterSale" name="add_new_counter_sale" time="101.194"/>
</testsuite> <!-- tests.parts.CounterSale -->
