<?xml version="1.0" encoding="UTF-8"?>
<!-- Generated by org.testng.reporters.JUnitReportReporter -->
<testsuite hostname="DESKTOP-HN0C78P" failures="0" tests="9" name="tests.parts.Spotorderparts" time="1120.659" errors="0" timestamp="22 Jan 2024 12:12:53 GMT">
  <testcase classname="tests.parts.Spotorderparts" name="Test_006_inputCoreParentPart" time="155.789"/>
  <testcase classname="tests.parts.Spotorderparts" name="Test_009_verifyWarehouseText" time="181.223"/>
  <testcase classname="tests.parts.Spotorderparts" name="Test_002_clickOnSpotOrder" time="70.344"/>
  <testcase classname="tests.parts.Spotorderparts" name="Test_003_inputPartialPartNumber" time="50.335"/>
  <testcase classname="tests.parts.Spotorderparts" name="Test_004_clickOnAddButton" time="93.129"/>
  <testcase classname="tests.parts.Spotorderparts" name="Test_001_gotoOrderPartsScreen" time="56.847"/>
  <testcase classname="tests.parts.Spotorderparts" name="Test_005_verifySearchPartDescription" time="223.233"/>
  <testcase classname="tests.parts.Spotorderparts" name="Test_008_verifyRequiredPart" time="161.168"/>
  <testcase classname="tests.parts.Spotorderparts" name="Test_007_verifyPO" time="128.591"/>
</testsuite> <!-- tests.parts.Spotorderparts -->
