<?xml version="1.0" encoding="UTF-8"?>
<!-- Generated by org.testng.reporters.JUnitReportReporter -->
<testsuite hostname="DESKTOP-RH29BD1" failures="0" tests="18" name="tests.service.ServiceManagerWoLabor" time="1026.769" errors="0" timestamp="19 Jan 2024 07:47:37 GMT">
  <testcase classname="tests.service.ServiceManagerWoLabor" name="verifyAuthorizedBy_and_ClickOnLink" time="39.642"/>
  <testcase classname="tests.service.ServiceManagerWoLabor" name="clickOnAdd_and_EntertheText" time="62.565"/>
  <testcase classname="tests.service.ServiceManagerWoLabor" name="verifyElementofMainScreen" time="51.611"/>
  <testcase classname="tests.service.ServiceManagerWoLabor" name="clickOnUpdateRates_and_SignOut" time="83.849"/>
  <testcase classname="tests.service.ServiceManagerWoLabor" name="clickOnInvoiceTohyperlink_and_clickOnCancle" time="58.420"/>
  <testcase classname="tests.service.ServiceManagerWoLabor" name="clickOn_ShowLabourDetails_Number_ShowPartsDetails" time="71.174"/>
  <testcase classname="tests.service.ServiceManagerWoLabor" name="clickViewProfitLoss_and_clickOk" time="54.480"/>
  <testcase classname="tests.service.ServiceManagerWoLabor" name="clickOnBacktoCompleteRo_and_ReferenceNumber" time="45.628"/>
  <testcase classname="tests.service.ServiceManagerWoLabor" name="gotoCompleteRoScreen" time="36.734"/>
  <testcase classname="tests.service.ServiceManagerWoLabor" name="clickOnTypelink_and_clickOnSelect" time="70.498"/>
  <testcase classname="tests.service.ServiceManagerWoLabor" name="ennterLastName_and_clickOnSelectBtn" time="42.066"/>
  <testcase classname="tests.service.ServiceManagerWoLabor" name="clickOnRONumber_VerifyElements" time="74.442"/>
  <testcase classname="tests.service.ServiceManagerWoLabor" name="ClickInternalLink_and_EnterText" time="64.999"/>
  <testcase classname="tests.service.ServiceManagerWoLabor" name="clickOnThisIsStandardNote_EnterInternalNote" time="59.301"/>
  <testcase classname="tests.service.ServiceManagerWoLabor" name="clickOnRoStatus_and_CloseButton" time="54.238"/>
  <testcase classname="tests.service.ServiceManagerWoLabor" name="clickOnWIPStatus_and_clickCancle" time="70.352"/>
  <testcase classname="tests.service.ServiceManagerWoLabor" name="clickOnNotes_and_EnterTextInNoteField" time="59.134"/>
  <testcase classname="tests.service.ServiceManagerWoLabor" name="verifyAllElements" time="27.636"/>
</testsuite> <!-- tests.service.ServiceManagerWoLabor -->
