<?xml version="1.0" encoding="UTF-8"?>
<!-- Generated by org.testng.reporters.JUnitReportReporter -->
<testsuite hostname="PC-9" failures="0" tests="14" name="tests.tech.TechWoParts" time="737.328" errors="0" timestamp="27 Feb 2024 12:30:05 GMT">
  <testcase classname="tests.tech.TechWoParts" name="verifyPartPannel_ClickOnIssuePart" time="32.629"/>
  <testcase classname="tests.tech.TechWoParts" name="clickOnUnitReady_Ok_signoutbutton" time="96.257"/>
  <testcase classname="tests.tech.TechWoParts" name="gotoTechRo" time="69.088"/>
  <testcase classname="tests.tech.TechWoParts" name="clickOnLabour_clickOnVMRS" time="0.072"/>
  <testcase classname="tests.tech.TechWoParts" name="verifyPartadded_deletePart" time="62.807"/>
  <testcase classname="tests.tech.TechWoParts" name="ClickOnSummary_pause_selectbutton" time="100.129"/>
  <testcase classname="tests.tech.TechWoParts" name="ClickOnMoisesOlivas_Select_OkButton1" time="0.060"/>
  <testcase classname="tests.tech.TechWoParts" name="clickOnNonCatalogPart_enterValue" time="0.046"/>
  <testcase classname="tests.tech.TechWoParts" name="verifyPartadded_" time="0.068"/>
  <testcase classname="tests.tech.TechWoParts" name="clickOnCoreReturn_deleteCorePart" time="0.051"/>
  <testcase classname="tests.tech.TechWoParts" name="ClickOnMoisesOlivas_Select_OkButton" time="0.050"/>
  <testcase classname="tests.tech.TechWoParts" name="verifyElement_EnterPartNumber" time="48.844"/>
  <testcase classname="tests.tech.TechWoParts" name="EnterPartNumber_clickIssuePart" time="50.613"/>
  <testcase classname="tests.tech.TechWoParts" name="verifyUnitNumber_ClickOnParts" time="276.614"/>
</testsuite> <!-- tests.tech.TechWoParts -->
