<?xml version="1.0" encoding="UTF-8"?>
<!-- Generated by org.testng.reporters.JUnitReportReporter -->
<testsuite hostname="DESKTOP-RH29BD1" failures="0" tests="4" name="tests.administration.CreateVendor" time="165.062" errors="0" timestamp="19 Jan 2024 05:24:18 GMT">
  <testcase classname="tests.administration.CreateVendor" name="Test_002_VerifyAllformfields" time="16.918"/>
  <testcase classname="tests.administration.CreateVendor" name="Test_003_enterfieldandclickonOK" time="57.551"/>
  <testcase classname="tests.administration.CreateVendor" name="checkVendorName_SignOutPage" time="36.781"/>
  <testcase classname="tests.administration.CreateVendor" name="Test_001_gotoVendorsScreen" time="53.812"/>
</testsuite> <!-- tests.administration.CreateVendor -->
