<?xml version="1.0" encoding="UTF-8"?>
<!-- Generated by org.testng.reporters.JUnitReportReporter -->
<testsuite hostname="PC-9" failures="0" tests="10" name="tests.tech.TechWoLabor" time="577.482" errors="0" timestamp="31 Jan 2024 09:21:35 GMT">
  <testcase classname="tests.tech.TechWoLabor" name="enter_AeroDynamic_ClickIMG" time="42.939"/>
  <testcase classname="tests.tech.TechWoLabor" name="clickOn_SelectButton" time="93.168"/>
  <testcase classname="tests.tech.TechWoLabor" name="again_Add_AeroDynamicDevice" time="50.774"/>
  <testcase classname="tests.tech.TechWoLabor" name="verifyElement_Click_UnitHistory" time="55.414"/>
  <testcase classname="tests.tech.TechWoLabor" name="clickOn_Labour_MoreWork_VMRSTab" time="22.351"/>
  <testcase classname="tests.tech.TechWoLabor" name="enter_AeroDynamic_Device_First" time="14.413"/>
  <testcase classname="tests.tech.TechWoLabor" name="gotoTechRo" time="124.780"/>
  <testcase classname="tests.tech.TechWoLabor" name="add_AeroDynamic_Delete_Labour" time="36.645"/>
  <testcase classname="tests.tech.TechWoLabor" name="enter_Unit_Number" time="53.027"/>
  <testcase classname="tests.tech.TechWoLabor" name="enter_AccessoriesGroup_Img" time="83.971"/>
</testsuite> <!-- tests.tech.TechWoLabor -->
