<?xml version="1.0" encoding="UTF-8"?>
<!-- Generated by org.testng.reporters.JUnitReportReporter -->
<testsuite hostname="DESKTOP-RH29BD1" failures="0" tests="4" name="tests.administration.CreateCustomer" time="177.454" errors="0" timestamp="19 Jan 2024 05:14:47 GMT">
  <testcase classname="tests.administration.CreateCustomer" name="Test_002_verifyAllFields" time="50.823"/>
  <testcase classname="tests.administration.CreateCustomer" name="Test_003_enterfieldsandclickonOK" time="45.518"/>
  <testcase classname="tests.administration.CreateCustomer" name="Test_001_gotoCustomerScreen" time="53.240"/>
  <testcase classname="tests.administration.CreateCustomer" name="Test_004_searchnameandclickonSignout" time="27.873"/>
</testsuite> <!-- tests.administration.CreateCustomer -->
