<?xml version="1.0" encoding="UTF-8"?>
<!-- Generated by org.testng.reporters.JUnitReportReporter -->
<testsuite hostname="PC-9" failures="0" tests="10" name="tests.tech.TechWoLabor" time="571.160" errors="0" timestamp="24 Jan 2024 06:44:49 GMT">
  <testcase classname="tests.tech.TechWoLabor" name="clickOn_SelectButton" time="89.576"/>
  <testcase classname="tests.tech.TechWoLabor" name="verifyElement_Click_UnitHistory" time="55.296"/>
  <testcase classname="tests.tech.TechWoLabor" name="clickOn_Labour_MoreWork_VMRSTab" time="22.229"/>
  <testcase classname="tests.tech.TechWoLabor" name="gotoTechRo" time="124.609"/>
  <testcase classname="tests.tech.TechWoLabor" name="enter_Unit_Number" time="53.051"/>
  <testcase classname="tests.tech.TechWoLabor" name="enter_AccessoriesGroup_Img" time="81.879"/>
  <testcase classname="tests.tech.TechWoLabor" name="add_AeroDynamic_Delete_Labour" time="36.611"/>
  <testcase classname="tests.tech.TechWoLabor" name="again_Add_AeroDynamicDevice" time="50.789"/>
  <testcase classname="tests.tech.TechWoLabor" name="enter_AeroDynamic_Device_First" time="14.305"/>
  <testcase classname="tests.tech.TechWoLabor" name="enter_AeroDynamic_ClickIMG" time="42.815"/>
</testsuite> <!-- tests.tech.TechWoLabor -->
