<?xml version="1.0" encoding="UTF-8"?>
<!-- Generated by org.testng.reporters.JUnitReportReporter -->
<testsuite hostname="DESKTOP-RH29BD1" failures="0" tests="38" name="tests.tech.PauseLabor" time="796.021" errors="0" timestamp="26 Jan 2024 05:59:34 GMT">
  <testcase classname="tests.tech.PauseLabor" name="Test_006_click_MoreUnit" time="22.926"/>
  <testcase classname="tests.tech.PauseLabor" name="Test_027_EnterTechBadge_ClickonGo" time="31.156"/>
  <testcase classname="tests.tech.PauseLabor" name="Test_005_Click_SelectButton" time="25.340"/>
  <testcase classname="tests.tech.PauseLabor" name="Test_020_ClickVMRS" time="23.195"/>
  <testcase classname="tests.tech.PauseLabor" name="Test_038_clickSignout" time="28.909"/>
  <testcase classname="tests.tech.PauseLabor" name="Test_016_clickSelect" time="22.944"/>
  <testcase classname="tests.tech.PauseLabor" name="Test_026_click_Pause" time="22.878"/>
  <testcase classname="tests.tech.PauseLabor" name="Test_030_verifySelectAssignedWork" time="4.445"/>
  <testcase classname="tests.tech.PauseLabor" name="Test_003_click_MoreUnits" time="32.992"/>
  <testcase classname="tests.tech.PauseLabor" name="Test_011_click_AddBtn" time="22.903"/>
  <testcase classname="tests.tech.PauseLabor" name="Test_034_Click_Select" time="22.818"/>
  <testcase classname="tests.tech.PauseLabor" name="Test_013_click_PauseButton" time="22.847"/>
  <testcase classname="tests.tech.PauseLabor" name="Test_023_enterText_Complaint_Textfield" time="11.146"/>
  <testcase classname="tests.tech.PauseLabor" name="Test_035_clickClockIcon" time="22.903"/>
  <testcase classname="tests.tech.PauseLabor" name="Test_014_EnterTechBadge_ClickGo" time="31.182"/>
  <testcase classname="tests.tech.PauseLabor" name="Test_016_Enter_SecondUnit" time="10.931"/>
  <testcase classname="tests.tech.PauseLabor" name="Test_009_click_PlusButton" time="22.771"/>
  <testcase classname="tests.tech.PauseLabor" name="Test_025_click_MarinWalkAround_Img" time="22.942"/>
  <testcase classname="tests.tech.PauseLabor" name="Test_008_click_VMRS_Img" time="22.886"/>
  <testcase classname="tests.tech.PauseLabor" name="Test_028_Verify_SecondPauseWork" time="4.355"/>
  <testcase classname="tests.tech.PauseLabor" name="Test_002_Enter_TechBadge_ClickGo" time="31.705"/>
  <testcase classname="tests.tech.PauseLabor" name="Test_031_clickOnSelect" time="23.074"/>
  <testcase classname="tests.tech.PauseLabor" name="Test_036_clickOnSummary" time="22.960"/>
  <testcase classname="tests.tech.PauseLabor" name="Test_033_clickUnitReady" time="22.907"/>
  <testcase classname="tests.tech.PauseLabor" name="Test_010_enterTextinComplaintBox" time="11.151"/>
  <testcase classname="tests.tech.PauseLabor" name="Test_024_click_On_Add" time="22.827"/>
  <testcase classname="tests.tech.PauseLabor" name="Test_001_Login_gotoTechRo" time="23.457"/>
  <testcase classname="tests.tech.PauseLabor" name="Test_012_click_WorkRequired_Img" time="22.820"/>
  <testcase classname="tests.tech.PauseLabor" name="Test_022_click_PlusButton" time="22.888"/>
  <testcase classname="tests.tech.PauseLabor" name="Test_015_verify_PauseWork_FirstUnit" time="4.379"/>
  <testcase classname="tests.tech.PauseLabor" name="Test_004_Enter_Firstunit" time="10.842"/>
  <testcase classname="tests.tech.PauseLabor" name="Test_021_click_VMRS_Image" time="22.887"/>
  <testcase classname="tests.tech.PauseLabor" name="Test_007_click_VMRS" time="22.881"/>
  <testcase classname="tests.tech.PauseLabor" name="Test_018_AgainClick_MoreWorks" time="22.816"/>
  <testcase classname="tests.tech.PauseLabor" name="Test_037_clickOnUnitReady" time="23.125"/>
  <testcase classname="tests.tech.PauseLabor" name="Test_029_clickOn_AssignedWork" time="22.753"/>
  <testcase classname="tests.tech.PauseLabor" name="Test_32_clickSummary" time="24.077"/>
  <testcase classname="tests.tech.PauseLabor" name="Test_017_VerifyPause" time="6.003"/>
</testsuite> <!-- tests.tech.PauseLabor -->
