<?xml version="1.0" encoding="UTF-8"?>
<!-- Generated by org.testng.reporters.JUnitReportReporter -->
<testsuite hostname="PC-5" failures="0" tests="4" name="tests.administration.CreateCustomer" time="148.106" errors="0" timestamp="23 Jan 2024 09:04:39 GMT">
  <testcase classname="tests.administration.CreateCustomer" name="Test_001_gotoCustomerScreen" time="57.682"/>
  <testcase classname="tests.administration.CreateCustomer" name="Test_004_searchnameandclickonSignout" time="24.016"/>
  <testcase classname="tests.administration.CreateCustomer" name="Test_002_verifyAllFields" time="25.600"/>
  <testcase classname="tests.administration.CreateCustomer" name="Test_003_enterfieldsandclickonOK" time="40.808"/>
</testsuite> <!-- tests.administration.CreateCustomer -->
