<?xml version="1.0" encoding="UTF-8"?>
<!-- Generated by org.testng.reporters.JUnitReportReporter -->
<testsuite hostname="DESKTOP-HN0C78P" failures="0" tests="6" name="tests.parts.CreatePart" time="405.373" errors="0" timestamp="22 Jan 2024 12:38:47 GMT">
  <testcase classname="tests.parts.CreatePart" name="click_NewPart_Verify_All_Elements" time="56.637"/>
  <testcase classname="tests.parts.CreatePart" name="search_the_number" time="80.460"/>
  <testcase classname="tests.parts.CreatePart" name="verify_standard_field" time="27.087"/>
  <testcase classname="tests.parts.CreatePart" name="signOut_verify_username" time="59.013"/>
  <testcase classname="tests.parts.CreatePart" name="create_new_part" time="80.476"/>
  <testcase classname="tests.parts.CreatePart" name="gotoPartsMaster" time="101.700"/>
</testsuite> <!-- tests.parts.CreatePart -->
