<?xml version="1.0" encoding="UTF-8"?>
<!-- Generated by org.testng.reporters.JUnitReportReporter -->
<testsuite hostname="DESKTOP-RH29BD1" failures="0" tests="9" name="tests.parts.Spotorderparts" time="1640.035" errors="0" timestamp="18 Jan 2024 10:32:55 GMT">
  <testcase classname="tests.parts.Spotorderparts" name="Test_006_inputCoreParentPart" time="222.673"/>
  <testcase classname="tests.parts.Spotorderparts" name="Test_003_inputPartialPartNumber" time="86.268"/>
  <testcase classname="tests.parts.Spotorderparts" name="Test_008_verifyRequiredPart" time="273.404"/>
  <testcase classname="tests.parts.Spotorderparts" name="Test_004_clickOnAddButton" time="113.661"/>
  <testcase classname="tests.parts.Spotorderparts" name="Test_009_verifyWarehouseText" time="267.426"/>
  <testcase classname="tests.parts.Spotorderparts" name="Test_002_clickOnSpotOrder" time="118.781"/>
  <testcase classname="tests.parts.Spotorderparts" name="Test_007_verifyPO" time="252.946"/>
  <testcase classname="tests.parts.Spotorderparts" name="Test_005_verifySearchPartDescription" time="271.509"/>
  <testcase classname="tests.parts.Spotorderparts" name="Test_001_gotoOrderPartsScreen" time="33.367"/>
</testsuite> <!-- tests.parts.Spotorderparts -->
