<?xml version="1.0" encoding="UTF-8"?>
<!-- Generated by org.testng.reporters.JUnitReportReporter -->
<testsuite hostname="DESKTOP-RH29BD1" failures="0" tests="4" name="tests.administration.CreateVendor" time="158.740" errors="0" timestamp="25 Jan 2024 12:45:57 GMT">
  <testcase classname="tests.administration.CreateVendor" name="Test_003_enterfieldandclickonOK" time="58.496"/>
  <testcase classname="tests.administration.CreateVendor" name="Test_002_VerifyAllformfields" time="9.562"/>
  <testcase classname="tests.administration.CreateVendor" name="Test_001_gotoVendorsScreen" time="57.469"/>
  <testcase classname="tests.administration.CreateVendor" name="checkVendorName_SignOutPage" time="33.213"/>
</testsuite> <!-- tests.administration.CreateVendor -->
