<?xml version="1.0" encoding="UTF-8"?>
<!-- Generated by org.testng.reporters.JUnitReportReporter -->
<testsuite hostname="DESKTOP-RH29BD1" failures="0" tests="4" name="tests.parts.JournalizePartsInvoice" time="220.190" errors="0" timestamp="25 Jan 2024 12:26:57 GMT">
  <testcase classname="tests.parts.JournalizePartsInvoice" name="serviceBoard" time="52.066"/>
  <testcase classname="tests.parts.JournalizePartsInvoice" name="clickOnGererateJournals_checkbox" time="70.291"/>
  <testcase classname="tests.parts.JournalizePartsInvoice" name="financialManager" time="63.764"/>
  <testcase classname="tests.parts.JournalizePartsInvoice" name="gotoFinancialManager" time="34.069"/>
</testsuite> <!-- tests.parts.JournalizePartsInvoice -->
