<?xml version="1.0" encoding="UTF-8"?>
<!-- Generated by org.testng.reporters.JUnitReportReporter -->
<testsuite hostname="PC-5" failures="0" tests="5" name="tests.fleet.CreateUnit" time="166.624" errors="0" timestamp="10 Jan 2024 09:57:41 GMT">
  <testcase classname="tests.fleet.CreateUnit" name="Test_004_enterFieldsAndClickOnSave" time="30.012"/>
  <testcase classname="tests.fleet.CreateUnit" name="Test_002_clickAddNewROAndSelectUnit" time="19.499"/>
  <testcase classname="tests.fleet.CreateUnit" name="Test_003_verifyAllFormFields" time="37.382"/>
  <testcase classname="tests.fleet.CreateUnit" name="Test_001_gotoUnitMasterScreen" time="34.879"/>
  <testcase classname="tests.fleet.CreateUnit" name="Test_005_Verify_unit_created" time="44.852"/>
</testsuite> <!-- tests.fleet.CreateUnit -->
