<?xml version="1.0" encoding="UTF-8"?>
<!-- Generated by org.testng.reporters.JUnitReportReporter -->
<testsuite hostname="DESKTOP-RH29BD1" failures="0" tests="5" name="tests.techRo.ServiceManagerInvoice" time="123.071" errors="0" timestamp="25 Jan 2024 13:43:34 GMT">
  <testcase classname="tests.techRo.ServiceManagerInvoice" name="Test_001_gotoCompleteRo" time="36.458"/>
  <testcase classname="tests.techRo.ServiceManagerInvoice" name="Test_002_verifyElement" time="4.242"/>
  <testcase classname="tests.techRo.ServiceManagerInvoice" name="Test_004_clickReferenceNumber" time="22.512"/>
  <testcase classname="tests.techRo.ServiceManagerInvoice" name="Test_005_enterYesterdayDate" time="57.397"/>
  <testcase classname="tests.techRo.ServiceManagerInvoice" name="Test_003_inputRoNumber" time="2.462"/>
</testsuite> <!-- tests.techRo.ServiceManagerInvoice -->
