<?xml version="1.0" encoding="UTF-8"?>
<!-- Generated by org.testng.reporters.JUnitReportReporter -->
<testsuite hostname="PC-5" failures="0" tests="9" name="tests.parts.Spotorderparts" time="1060.843" errors="0" timestamp="23 Jan 2024 10:29:53 GMT">
  <testcase classname="tests.parts.Spotorderparts" name="Test_001_gotoOrderPartsScreen" time="40.271"/>
  <testcase classname="tests.parts.Spotorderparts" name="Test_003_inputPartialPartNumber" time="45.387"/>
  <testcase classname="tests.parts.Spotorderparts" name="Test_007_verifyPO" time="125.564"/>
  <testcase classname="tests.parts.Spotorderparts" name="Test_008_verifyRequiredPart" time="157.743"/>
  <testcase classname="tests.parts.Spotorderparts" name="Test_005_verifySearchPartDescription" time="210.482"/>
  <testcase classname="tests.parts.Spotorderparts" name="Test_006_inputCoreParentPart" time="151.985"/>
  <testcase classname="tests.parts.Spotorderparts" name="Test_009_verifyWarehouseText" time="171.159"/>
  <testcase classname="tests.parts.Spotorderparts" name="Test_002_clickOnSpotOrder" time="69.057"/>
  <testcase classname="tests.parts.Spotorderparts" name="Test_004_clickOnAddButton" time="89.195"/>
</testsuite> <!-- tests.parts.Spotorderparts -->
