<?xml version="1.0" encoding="UTF-8"?>
<!-- Generated by org.testng.reporters.JUnitReportReporter -->
<testsuite hostname="DESKTOP-HN0C78P" failures="0" tests="10" name="tests.tech.TechWoLabor" time="599.788" errors="0" timestamp="22 Jan 2024 15:02:11 GMT">
  <testcase classname="tests.tech.TechWoLabor" name="clickOn_SelectButton" time="90.717"/>
  <testcase classname="tests.tech.TechWoLabor" name="verifyElement_Click_UnitHistory" time="57.303"/>
  <testcase classname="tests.tech.TechWoLabor" name="enter_AeroDynamic_Device_First" time="14.980"/>
  <testcase classname="tests.tech.TechWoLabor" name="enter_AccessoriesGroup_Img" time="83.672"/>
  <testcase classname="tests.tech.TechWoLabor" name="enter_Unit_Number" time="54.866"/>
  <testcase classname="tests.tech.TechWoLabor" name="add_AeroDynamic_Delete_Labour" time="37.553"/>
  <testcase classname="tests.tech.TechWoLabor" name="gotoTechRo" time="141.252"/>
  <testcase classname="tests.tech.TechWoLabor" name="again_Add_AeroDynamicDevice" time="52.348"/>
  <testcase classname="tests.tech.TechWoLabor" name="clickOn_Labour_MoreWork_VMRSTab" time="22.805"/>
  <testcase classname="tests.tech.TechWoLabor" name="enter_AeroDynamic_ClickIMG" time="44.292"/>
</testsuite> <!-- tests.tech.TechWoLabor -->
