<?xml version="1.0" encoding="UTF-8"?>
<!-- Generated by org.testng.reporters.JUnitReportReporter -->
<testsuite hostname="PC-9" failures="0" tests="2" name="tests.service.ServiceManagerChangeCustomerPOafterInvoicing" time="113.503" errors="0" timestamp="28 Feb 2024 11:12:23 GMT">
  <testcase classname="tests.service.ServiceManagerChangeCustomerPOafterInvoicing" name="verification_ofElement_SignOut" time="39.789"/>
  <testcase classname="tests.service.ServiceManagerChangeCustomerPOafterInvoicing" name="gotoCompleteRo" time="73.714"/>
</testsuite> <!-- tests.service.ServiceManagerChangeCustomerPOafterInvoicing -->
