<?xml version="1.0" encoding="UTF-8"?>
<!-- Generated by org.testng.reporters.JUnitReportReporter -->
<testsuite hostname="DESKTOP-RH29BD1" failures="0" tests="9" name="tests.parts.Spotorderparts" time="1060.216" errors="0" timestamp="25 Jan 2024 06:49:53 GMT">
  <testcase classname="tests.parts.Spotorderparts" name="Test_007_verifyPO" time="126.734"/>
  <testcase classname="tests.parts.Spotorderparts" name="Test_002_clickOnSpotOrder" time="69.651"/>
  <testcase classname="tests.parts.Spotorderparts" name="Test_004_clickOnAddButton" time="88.256"/>
  <testcase classname="tests.parts.Spotorderparts" name="Test_009_verifyWarehouseText" time="173.452"/>
  <testcase classname="tests.parts.Spotorderparts" name="Test_003_inputPartialPartNumber" time="45.484"/>
  <testcase classname="tests.parts.Spotorderparts" name="Test_006_inputCoreParentPart" time="150.159"/>
  <testcase classname="tests.parts.Spotorderparts" name="Test_001_gotoOrderPartsScreen" time="33.813"/>
  <testcase classname="tests.parts.Spotorderparts" name="Test_005_verifySearchPartDescription" time="212.784"/>
  <testcase classname="tests.parts.Spotorderparts" name="Test_008_verifyRequiredPart" time="159.883"/>
</testsuite> <!-- tests.parts.Spotorderparts -->
