<?xml version="1.0" encoding="UTF-8"?>
<!-- Generated by org.testng.reporters.JUnitReportReporter -->
<testsuite hostname="DESKTOP-HN0C78P" failures="0" tests="10" name="tests.tech.TechWoLabor" time="593.716" errors="0" timestamp="23 Jan 2024 00:49:56 GMT">
  <testcase classname="tests.tech.TechWoLabor" name="gotoTechRo" time="133.523"/>
  <testcase classname="tests.tech.TechWoLabor" name="clickOn_SelectButton" time="89.660"/>
  <testcase classname="tests.tech.TechWoLabor" name="clickOn_Labour_MoreWork_VMRSTab" time="22.841"/>
  <testcase classname="tests.tech.TechWoLabor" name="enter_AeroDynamic_Device_First" time="15.041"/>
  <testcase classname="tests.tech.TechWoLabor" name="again_Add_AeroDynamicDevice" time="52.473"/>
  <testcase classname="tests.tech.TechWoLabor" name="add_AeroDynamic_Delete_Labour" time="37.756"/>
  <testcase classname="tests.tech.TechWoLabor" name="enter_AccessoriesGroup_Img" time="84.985"/>
  <testcase classname="tests.tech.TechWoLabor" name="verifyElement_Click_UnitHistory" time="57.887"/>
  <testcase classname="tests.tech.TechWoLabor" name="enter_Unit_Number" time="55.210"/>
  <testcase classname="tests.tech.TechWoLabor" name="enter_AeroDynamic_ClickIMG" time="44.340"/>
</testsuite> <!-- tests.tech.TechWoLabor -->
