<?xml version="1.0" encoding="UTF-8"?>
<!-- Generated by org.testng.reporters.JUnitReportReporter -->
<testsuite hostname="PC-9" failures="0" tests="5" name="tests.parts.CounterSaleInvoiceCharacterLimit" time="232.476" errors="0" timestamp="12 Feb 2024 12:52:49 GMT">
  <testcase classname="tests.parts.CounterSaleInvoiceCharacterLimit" name="Test_003_verifyInvoice" time="56.756"/>
  <testcase classname="tests.parts.CounterSaleInvoiceCharacterLimit" name="Test_005_clickOnReprint" time="65.775"/>
  <testcase classname="tests.parts.CounterSaleInvoiceCharacterLimit" name="Test_001_goto_countersaleManager_screen" time="45.743"/>
  <testcase classname="tests.parts.CounterSaleInvoiceCharacterLimit" name="Test_004_verifyCountersale" time="43.939"/>
  <testcase classname="tests.parts.CounterSaleInvoiceCharacterLimit" name="Test_002_clickonHistory" time="20.263"/>
</testsuite> <!-- tests.parts.CounterSaleInvoiceCharacterLimit -->
