<?xml version="1.0" encoding="UTF-8"?>
<!-- Generated by org.testng.reporters.JUnitReportReporter -->
<testsuite hostname="DESKTOP-HN0C78P" failures="0" tests="9" name="tests.parts.Spotorderparts" time="1100.028" errors="0" timestamp="23 Jan 2024 03:55:49 GMT">
  <testcase classname="tests.parts.Spotorderparts" name="Test_007_verifyPO" time="128.694"/>
  <testcase classname="tests.parts.Spotorderparts" name="Test_008_verifyRequiredPart" time="161.055"/>
  <testcase classname="tests.parts.Spotorderparts" name="Test_003_inputPartialPartNumber" time="50.340"/>
  <testcase classname="tests.parts.Spotorderparts" name="Test_006_inputCoreParentPart" time="156.153"/>
  <testcase classname="tests.parts.Spotorderparts" name="Test_009_verifyWarehouseText" time="174.848"/>
  <testcase classname="tests.parts.Spotorderparts" name="Test_002_clickOnSpotOrder" time="70.646"/>
  <testcase classname="tests.parts.Spotorderparts" name="Test_001_gotoOrderPartsScreen" time="42.135"/>
  <testcase classname="tests.parts.Spotorderparts" name="Test_004_clickOnAddButton" time="93.375"/>
  <testcase classname="tests.parts.Spotorderparts" name="Test_005_verifySearchPartDescription" time="222.782"/>
</testsuite> <!-- tests.parts.Spotorderparts -->
