<?xml version="1.0" encoding="UTF-8"?>
<!-- Generated by org.testng.reporters.JUnitReportReporter -->
<testsuite hostname="PC-9" failures="0" tests="5" name="tests.Partsrelateditems.Addafabricatedparttoaclosedworkorder" time="718.719" errors="0" timestamp="27 Feb 2024 07:47:38 GMT">
  <testcase classname="tests.Partsrelateditems.Addafabricatedparttoaclosedworkorder" name="Test_005_clickonPartTextArea" time="203.462"/>
  <testcase classname="tests.Partsrelateditems.Addafabricatedparttoaclosedworkorder" name="Test_001_gotoCompleteRo" time="45.983"/>
  <testcase classname="tests.Partsrelateditems.Addafabricatedparttoaclosedworkorder" name="Test_002_clickoNewRo" time="147.305"/>
  <testcase classname="tests.Partsrelateditems.Addafabricatedparttoaclosedworkorder" name="Test_004_clickonAddPart" time="155.467"/>
  <testcase classname="tests.Partsrelateditems.Addafabricatedparttoaclosedworkorder" name="Test_003_typeSearchTextArea" time="166.502"/>
</testsuite> <!-- tests.Partsrelateditems.Addafabricatedparttoaclosedworkorder -->
