<?xml version="1.0" encoding="UTF-8"?>
<!-- Generated by org.testng.reporters.JUnitReportReporter -->
<testsuite hostname="PC-9" failures="0" tests="31" name="tests.tech.IssuePartToTech" time="453.235" errors="0" timestamp="29 Jan 2024 09:50:09 GMT">
  <testcase classname="tests.tech.IssuePartToTech" name="Test_001_Login_gotoTechRo" time="42.748"/>
  <testcase classname="tests.tech.IssuePartToTech" name="Test_020_Enter_TechBadge_ClickGo" time="32.396"/>
  <testcase classname="tests.tech.IssuePartToTech" name="Test_010_Verify_RO" time="4.111"/>
  <testcase classname="tests.tech.IssuePartToTech" name="Test_013_Verify_VMRS" time="4.157"/>
  <testcase classname="tests.tech.IssuePartToTech" name="Test_025_" time="20.247"/>
  <testcase classname="tests.tech.IssuePartToTech" name="Test_021_clickOwnerName" time="49.420"/>
  <testcase classname="tests.tech.IssuePartToTech" name="Test_002_Enter_TechBadge_ClickGo" time="32.384"/>
  <testcase classname="tests.tech.IssuePartToTech" name="Test_014_enterPartNumber" time="24.348"/>
  <testcase classname="tests.tech.IssuePartToTech" name="Test_015_clickOnIssuePart" time="20.244"/>
  <testcase classname="tests.tech.IssuePartToTech" name="Test_018_clickOnSignOut" time="20.280"/>
  <testcase classname="tests.tech.IssuePartToTech" name="Test_005_Verify_LocationAssignedtoEmployee" time="4.127"/>
  <testcase classname="tests.tech.IssuePartToTech" name="Test_013_clickOnSelect" time="20.229"/>
  <testcase classname="tests.tech.IssuePartToTech" name="Test_006_Verify_SearchWorkInProgress" time="4.149"/>
  <testcase classname="tests.tech.IssuePartToTech" name="Test_023_clickOnMoreUnit" time="20.237"/>
  <testcase classname="tests.tech.IssuePartToTech" name="Test_026_" time="20.235"/>
  <testcase classname="tests.tech.IssuePartToTech" name="Test_011_Verify_Date" time="4.109"/>
  <testcase classname="tests.tech.IssuePartToTech" name="Test_014_verifyEmployeeDetails" time="5.010"/>
  <testcase classname="tests.tech.IssuePartToTech" name="Test_024_" time="12.250"/>
  <testcase classname="tests.tech.IssuePartToTech" name="Test_016_VerifyPartName" time="4.094"/>
  <testcase classname="tests.tech.IssuePartToTech" name="Test_019_loginAgain" time="30.283"/>
  <testcase classname="tests.tech.IssuePartToTech" name="Test_013_verify" time="4.223"/>
  <testcase classname="tests.tech.IssuePartToTech" name="Test_012_Verify_Description" time="4.097"/>
  <testcase classname="tests.tech.IssuePartToTech" name="Test_003_Verify_BacktoScanEmployeeBadge" time="4.522"/>
  <testcase classname="tests.tech.IssuePartToTech" name="Test_009_click_PlusButton" time="4.109"/>
  <testcase classname="tests.tech.IssuePartToTech" name="Test_007_Verify_Location" time="4.108"/>
  <testcase classname="tests.tech.IssuePartToTech" name="Test_004_Verify_Employee" time="4.135"/>
  <testcase classname="tests.tech.IssuePartToTech" name="Test_017_clickOnScanBadge" time="20.264"/>
  <testcase classname="tests.tech.IssuePartToTech" name="Test_008_Verify_UnitNumber" time="4.119"/>
  <testcase classname="tests.tech.IssuePartToTech" name="Test_012_verifyElement" time="4.221"/>
  <testcase classname="tests.tech.IssuePartToTech" name="Test_012_Verify_firstrowElement" time="4.165"/>
  <testcase classname="tests.tech.IssuePartToTech" name="Test_022_clickOnSelect" time="20.214"/>
</testsuite> <!-- tests.tech.IssuePartToTech -->
