<?xml version="1.0" encoding="UTF-8"?>
<!-- Generated by org.testng.reporters.JUnitReportReporter -->
<testsuite hostname="PC-9" failures="0" tests="11" name="tests.Estimate.SubmitAnEstimateServiceManager" time="781.499" errors="0" timestamp="28 Feb 2024 06:36:09 GMT">
  <testcase classname="tests.Estimate.SubmitAnEstimateServiceManager" name="Test_005_verifyPart" time="48.947"/>
  <testcase classname="tests.Estimate.SubmitAnEstimateServiceManager" name="Test_001_gotoServiceBoardScreen" time="50.501"/>
  <testcase classname="tests.Estimate.SubmitAnEstimateServiceManager" name="Test_011_storeLaborCostHeader" time="100.093"/>
  <testcase classname="tests.Estimate.SubmitAnEstimateServiceManager" name="Test_003_RequiredLocation" time="53.238"/>
  <testcase classname="tests.Estimate.SubmitAnEstimateServiceManager" name="Test_006_verifyLabour" time="40.817"/>
  <testcase classname="tests.Estimate.SubmitAnEstimateServiceManager" name="Test_004_verifyRequiredDate" time="44.997"/>
  <testcase classname="tests.Estimate.SubmitAnEstimateServiceManager" name="Test_007_verifyAddParts" time="48.841"/>
  <testcase classname="tests.Estimate.SubmitAnEstimateServiceManager" name="Test_010_clickOnAddParts" time="98.476"/>
  <testcase classname="tests.Estimate.SubmitAnEstimateServiceManager" name="Test_008_clickonAddLabour" time="161.860"/>
  <testcase classname="tests.Estimate.SubmitAnEstimateServiceManager" name="Test_009_clickonAddLabour" time="109.231"/>
  <testcase classname="tests.Estimate.SubmitAnEstimateServiceManager" name="Test_002_clickOnEstimate" time="24.498"/>
</testsuite> <!-- tests.Estimate.SubmitAnEstimateServiceManager -->
