<?xml version="1.0" encoding="UTF-8"?>
<!-- Generated by org.testng.reporters.JUnitReportReporter -->
<testsuite hostname="DESKTOP-HN0C78P" failures="0" tests="5" name="tests.Partsrelateditems.Addafabricatedparttoaclosedworkorder" time="751.195" errors="0" timestamp="22 Feb 2024 12:19:56 GMT">
  <testcase classname="tests.Partsrelateditems.Addafabricatedparttoaclosedworkorder" name="Test_003_typeSearchTextArea" time="173.314"/>
  <testcase classname="tests.Partsrelateditems.Addafabricatedparttoaclosedworkorder" name="Test_002_clickoNewRo" time="164.421"/>
  <testcase classname="tests.Partsrelateditems.Addafabricatedparttoaclosedworkorder" name="Test_005_clickonPartTextArea" time="207.208"/>
  <testcase classname="tests.Partsrelateditems.Addafabricatedparttoaclosedworkorder" name="Test_001_gotoCompleteRo" time="47.156"/>
  <testcase classname="tests.Partsrelateditems.Addafabricatedparttoaclosedworkorder" name="Test_004_clickonAddPart" time="159.096"/>
</testsuite> <!-- tests.Partsrelateditems.Addafabricatedparttoaclosedworkorder -->
