<?xml version="1.0" encoding="UTF-8"?>
<!-- Generated by org.testng.reporters.JUnitReportReporter -->
<testsuite hostname="PC-5" failures="0" tests="38" name="tests.tech.PauseLabor" time="776.016" errors="0" timestamp="24 Jan 2024 05:58:55 GMT">
  <testcase classname="tests.tech.PauseLabor" name="Test_014_EnterTechBadge_ClickGo" time="30.372"/>
  <testcase classname="tests.tech.PauseLabor" name="Test_029_clickOn_AssignedWork" time="22.321"/>
  <testcase classname="tests.tech.PauseLabor" name="Test_001_Login_gotoTechRo" time="24.209"/>
  <testcase classname="tests.tech.PauseLabor" name="Test_022_click_PlusButton" time="22.304"/>
  <testcase classname="tests.tech.PauseLabor" name="Test_027_EnterTechBadge_ClickonGo" time="30.529"/>
  <testcase classname="tests.tech.PauseLabor" name="Test_036_clickOnSummary" time="22.285"/>
  <testcase classname="tests.tech.PauseLabor" name="Test_028_Verify_SecondPauseWork" time="4.210"/>
  <testcase classname="tests.tech.PauseLabor" name="Test_031_clickOnSelect" time="22.317"/>
  <testcase classname="tests.tech.PauseLabor" name="Test_033_clickUnitReady" time="22.299"/>
  <testcase classname="tests.tech.PauseLabor" name="Test_034_Click_Select" time="22.366"/>
  <testcase classname="tests.tech.PauseLabor" name="Test_007_click_VMRS" time="22.357"/>
  <testcase classname="tests.tech.PauseLabor" name="Test_020_ClickVMRS" time="22.323"/>
  <testcase classname="tests.tech.PauseLabor" name="Test_023_enterText_Complaint_Textfield" time="10.317"/>
  <testcase classname="tests.tech.PauseLabor" name="Test_025_click_MarinWalkAround_Img" time="22.349"/>
  <testcase classname="tests.tech.PauseLabor" name="Test_008_click_VMRS_Img" time="22.320"/>
  <testcase classname="tests.tech.PauseLabor" name="Test_016_clickSelect" time="22.352"/>
  <testcase classname="tests.tech.PauseLabor" name="Test_026_click_Pause" time="22.267"/>
  <testcase classname="tests.tech.PauseLabor" name="Test_012_click_WorkRequired_Img" time="22.300"/>
  <testcase classname="tests.tech.PauseLabor" name="Test_011_click_AddBtn" time="22.301"/>
  <testcase classname="tests.tech.PauseLabor" name="Test_018_AgainClick_MoreWorks" time="22.370"/>
  <testcase classname="tests.tech.PauseLabor" name="Test_016_Enter_SecondUnit" time="10.282"/>
  <testcase classname="tests.tech.PauseLabor" name="Test_006_click_MoreUnit" time="22.333"/>
  <testcase classname="tests.tech.PauseLabor" name="Test_002_Enter_TechBadge_ClickGo" time="32.340"/>
  <testcase classname="tests.tech.PauseLabor" name="Test_32_clickSummary" time="22.427"/>
  <testcase classname="tests.tech.PauseLabor" name="Test_013_click_PauseButton" time="22.306"/>
  <testcase classname="tests.tech.PauseLabor" name="Test_003_click_MoreUnits" time="32.338"/>
  <testcase classname="tests.tech.PauseLabor" name="Test_037_clickOnUnitReady" time="22.346"/>
  <testcase classname="tests.tech.PauseLabor" name="Test_035_clickClockIcon" time="22.329"/>
  <testcase classname="tests.tech.PauseLabor" name="Test_009_click_PlusButton" time="22.605"/>
  <testcase classname="tests.tech.PauseLabor" name="Test_010_enterTextinComplaintBox" time="10.287"/>
  <testcase classname="tests.tech.PauseLabor" name="Test_017_VerifyPause" time="4.116"/>
  <testcase classname="tests.tech.PauseLabor" name="Test_021_click_VMRS_Image" time="22.322"/>
  <testcase classname="tests.tech.PauseLabor" name="Test_004_Enter_Firstunit" time="10.305"/>
  <testcase classname="tests.tech.PauseLabor" name="Test_015_verify_PauseWork_FirstUnit" time="4.152"/>
  <testcase classname="tests.tech.PauseLabor" name="Test_024_click_On_Add" time="22.326"/>
  <testcase classname="tests.tech.PauseLabor" name="Test_005_Click_SelectButton" time="25.987"/>
  <testcase classname="tests.tech.PauseLabor" name="Test_030_verifySelectAssignedWork" time="4.109"/>
  <testcase classname="tests.tech.PauseLabor" name="Test_038_clickSignout" time="28.638"/>
</testsuite> <!-- tests.tech.PauseLabor -->
