<?xml version="1.0" encoding="UTF-8"?>
<!-- Generated by org.testng.reporters.JUnitReportReporter -->
<testsuite hostname="PC-9" failures="0" tests="5" name="tests.techRo.ServiceManagerInvoice" time="143.033" errors="0" timestamp="28 Feb 2024 11:30:28 GMT">
  <testcase classname="tests.techRo.ServiceManagerInvoice" name="Test_004_clickReferenceNumber" time="22.346"/>
  <testcase classname="tests.techRo.ServiceManagerInvoice" name="Test_001_gotoCompleteRo" time="42.792"/>
  <testcase classname="tests.techRo.ServiceManagerInvoice" name="Test_003_inputRoNumber" time="12.270"/>
  <testcase classname="tests.techRo.ServiceManagerInvoice" name="Test_002_verifyElement" time="4.124"/>
  <testcase classname="tests.techRo.ServiceManagerInvoice" name="Test_005_enterYesterdayDate" time="61.501"/>
</testsuite> <!-- tests.techRo.ServiceManagerInvoice -->
