<?xml version="1.0" encoding="UTF-8"?>
<!-- Generated by org.testng.reporters.JUnitReportReporter -->
<testsuite hostname="PC-5" failures="0" tests="9" name="tests.parts.ReceiveParts" time="639.043" errors="0" timestamp="23 Jan 2024 11:04:30 GMT">
  <testcase classname="tests.parts.ReceiveParts" name="Test_001_gotoReceiveParts" time="38.683"/>
  <testcase classname="tests.parts.ReceiveParts" name="Test_005_verifyvoidedDate" time="56.740"/>
  <testcase classname="tests.parts.ReceiveParts" name="Test_003_verifyPurchesOrder" time="48.672"/>
  <testcase classname="tests.parts.ReceiveParts" name="Test_006_verifyVendorPart" time="48.699"/>
  <testcase classname="tests.parts.ReceiveParts" name="Test_004_verifyNotes" time="36.569"/>
  <testcase classname="tests.parts.ReceiveParts" name="Test_009_clickOnCancelButton" time="208.474"/>
  <testcase classname="tests.parts.ReceiveParts" name="Test_008_verifyHash" time="86.857"/>
  <testcase classname="tests.parts.ReceiveParts" name="Test_002_clickOnPoNumber" time="31.303"/>
  <testcase classname="tests.parts.ReceiveParts" name="Test_007_verifyLink" time="83.046"/>
</testsuite> <!-- tests.parts.ReceiveParts -->
