<?xml version="1.0" encoding="UTF-8"?>
<!-- Generated by org.testng.reporters.JUnitReportReporter -->
<testsuite hostname="PC-9" failures="0" tests="11" name="tests.Estimate.SubmitAnEstimateServiceManager" time="784.771" errors="0" timestamp="29 Jan 2024 05:09:21 GMT">
  <testcase classname="tests.Estimate.SubmitAnEstimateServiceManager" name="Test_001_gotoServiceBoardScreen" time="53.799"/>
  <testcase classname="tests.Estimate.SubmitAnEstimateServiceManager" name="Test_009_clickonAddLabour" time="109.177"/>
  <testcase classname="tests.Estimate.SubmitAnEstimateServiceManager" name="Test_010_clickOnAddParts" time="98.172"/>
  <testcase classname="tests.Estimate.SubmitAnEstimateServiceManager" name="Test_007_verifyAddParts" time="49.024"/>
  <testcase classname="tests.Estimate.SubmitAnEstimateServiceManager" name="Test_004_verifyRequiredDate" time="45.067"/>
  <testcase classname="tests.Estimate.SubmitAnEstimateServiceManager" name="Test_006_verifyLabour" time="40.843"/>
  <testcase classname="tests.Estimate.SubmitAnEstimateServiceManager" name="Test_005_verifyPart" time="48.958"/>
  <testcase classname="tests.Estimate.SubmitAnEstimateServiceManager" name="Test_011_storeLaborCostHeader" time="99.460"/>
  <testcase classname="tests.Estimate.SubmitAnEstimateServiceManager" name="Test_002_clickOnEstimate" time="25.115"/>
  <testcase classname="tests.Estimate.SubmitAnEstimateServiceManager" name="Test_003_RequiredLocation" time="53.236"/>
  <testcase classname="tests.Estimate.SubmitAnEstimateServiceManager" name="Test_008_clickonAddLabour" time="161.920"/>
</testsuite> <!-- tests.Estimate.SubmitAnEstimateServiceManager -->
