<?xml version="1.0" encoding="UTF-8"?>
<!-- Generated by org.testng.reporters.JUnitReportReporter -->
<testsuite hostname="DESKTOP-HN0C78P" failures="0" tests="7" name="tests.parts.CounterSale" time="619.197" errors="0" timestamp="2 Feb 2024 05:18:03 GMT">
  <testcase classname="tests.parts.CounterSale" name="goto_countersaleManager_screen" time="50.246"/>
  <testcase classname="tests.parts.CounterSale" name="add_new_counter_sale" time="100.814"/>
  <testcase classname="tests.parts.CounterSale" name="check_invoice_and_signout" time="184.534"/>
  <testcase classname="tests.parts.CounterSale" name="verify_location_popUp" time="95.100"/>
  <testcase classname="tests.parts.CounterSale" name="verify_all_fields" time="14.704"/>
  <testcase classname="tests.parts.CounterSale" name="verify_counter_sale_page" time="35.084"/>
  <testcase classname="tests.parts.CounterSale" name="add_parts_in_counter_sale" time="138.715"/>
</testsuite> <!-- tests.parts.CounterSale -->
