<?xml version="1.0" encoding="UTF-8"?>
<!-- Generated by org.testng.reporters.JUnitReportReporter -->
<testsuite hostname="DESKTOP-HN0C78P" failures="0" tests="2" name="tests.service.ServiceManagerChangeCustomerPOafterInvoicing" time="115.807" errors="0" timestamp="22 Jan 2024 14:24:35 GMT">
  <testcase classname="tests.service.ServiceManagerChangeCustomerPOafterInvoicing" name="gotoCompleteRo" time="71.664"/>
  <testcase classname="tests.service.ServiceManagerChangeCustomerPOafterInvoicing" name="verification_ofElement_SignOut" time="44.143"/>
</testsuite> <!-- tests.service.ServiceManagerChangeCustomerPOafterInvoicing -->
