<?xml version="1.0" encoding="UTF-8"?>
<!-- Generated by org.testng.reporters.JUnitReportReporter -->
<testsuite hostname="DESKTOP-RH29BD1" failures="0" tests="4" name="tests.administration.CreateCustomer" time="147.502" errors="0" timestamp="25 Jan 2024 14:17:45 GMT">
  <testcase classname="tests.administration.CreateCustomer" name="Test_001_gotoCustomerScreen" time="55.115"/>
  <testcase classname="tests.administration.CreateCustomer" name="Test_004_searchnameandclickonSignout" time="23.981"/>
  <testcase classname="tests.administration.CreateCustomer" name="Test_002_verifyAllFields" time="26.955"/>
  <testcase classname="tests.administration.CreateCustomer" name="Test_003_enterfieldsandclickonOK" time="41.451"/>
</testsuite> <!-- tests.administration.CreateCustomer -->
