<?xml version="1.0" encoding="UTF-8"?>
<!-- Generated by org.testng.reporters.JUnitReportReporter -->
<testsuite hostname="PC-9" failures="0" tests="9" name="tests.parts.Spotorderparts" time="1126.190" errors="0" timestamp="17 Jan 2024 07:36:26 GMT">
  <testcase classname="tests.parts.Spotorderparts" name="Test_001_gotoOrderPartsScreen" time="23.591"/>
  <testcase classname="tests.parts.Spotorderparts" name="Test_002_clickOnSpotOrder" time="81.880"/>
  <testcase classname="tests.parts.Spotorderparts" name="Test_008_verifyRequiredPart" time="191.890"/>
  <testcase classname="tests.parts.Spotorderparts" name="Test_003_inputPartialPartNumber" time="64.759"/>
  <testcase classname="tests.parts.Spotorderparts" name="Test_007_verifyPO" time="187.236"/>
  <testcase classname="tests.parts.Spotorderparts" name="Test_006_inputCoreParentPart" time="149.595"/>
  <testcase classname="tests.parts.Spotorderparts" name="Test_004_clickOnAddButton" time="73.081"/>
  <testcase classname="tests.parts.Spotorderparts" name="Test_005_verifySearchPartDescription" time="171.328"/>
  <testcase classname="tests.parts.Spotorderparts" name="Test_009_verifyWarehouseText" time="182.830"/>
</testsuite> <!-- tests.parts.Spotorderparts -->
