<?xml version="1.0" encoding="UTF-8"?>
<!-- Generated by org.testng.reporters.JUnitReportReporter -->
<testsuite hostname="PC-9" failures="0" tests="9" name="tests.parts.Spotorderparts" time="1132.396" errors="0" timestamp="10 Jan 2024 05:10:36 GMT">
  <testcase classname="tests.parts.Spotorderparts" name="Test_003_inputPartialPartNumber" time="64.868"/>
  <testcase classname="tests.parts.Spotorderparts" name="Test_001_gotoOrderPartsScreen" time="28.673"/>
  <testcase classname="tests.parts.Spotorderparts" name="Test_005_verifySearchPartDescription" time="171.579"/>
  <testcase classname="tests.parts.Spotorderparts" name="Test_007_verifyPO" time="187.668"/>
  <testcase classname="tests.parts.Spotorderparts" name="Test_002_clickOnSpotOrder" time="82.130"/>
  <testcase classname="tests.parts.Spotorderparts" name="Test_006_inputCoreParentPart" time="149.817"/>
  <testcase classname="tests.parts.Spotorderparts" name="Test_004_clickOnAddButton" time="73.281"/>
  <testcase classname="tests.parts.Spotorderparts" name="Test_008_verifyRequiredPart" time="191.986"/>
  <testcase classname="tests.parts.Spotorderparts" name="Test_009_verifyWarehouseText" time="182.394"/>
</testsuite> <!-- tests.parts.Spotorderparts -->
