<?xml version="1.0" encoding="UTF-8"?>
<!-- Generated by org.testng.reporters.JUnitReportReporter -->
<testsuite hostname="PC-5" failures="0" tests="5" name="tests.fleet.CreateUnit" time="224.307" errors="0" timestamp="23 Jan 2024 11:21:54 GMT">
  <testcase classname="tests.fleet.CreateUnit" name="Test_005_Verify_unit_created" time="64.689"/>
  <testcase classname="tests.fleet.CreateUnit" name="Test_002_clickAddNewROAndSelectUnit" time="32.548"/>
  <testcase classname="tests.fleet.CreateUnit" name="Test_004_enterFieldsAndClickOnSave" time="46.965"/>
  <testcase classname="tests.fleet.CreateUnit" name="Test_003_verifyAllFormFields" time="25.619"/>
  <testcase classname="tests.fleet.CreateUnit" name="Test_001_gotoUnitMasterScreen" time="54.486"/>
</testsuite> <!-- tests.fleet.CreateUnit -->
