<?xml version="1.0" encoding="UTF-8"?>
<!-- Generated by org.testng.reporters.JUnitReportReporter -->
<testsuite hostname="PC-9" failures="0" tests="9" name="tests.parts.Spotorderparts" time="1078.980" errors="0" timestamp="31 Jan 2024 09:42:16 GMT">
  <testcase classname="tests.parts.Spotorderparts" name="Test_005_verifySearchPartDescription" time="218.654"/>
  <testcase classname="tests.parts.Spotorderparts" name="Test_002_clickOnSpotOrder" time="68.965"/>
  <testcase classname="tests.parts.Spotorderparts" name="Test_006_inputCoreParentPart" time="153.029"/>
  <testcase classname="tests.parts.Spotorderparts" name="Test_001_gotoOrderPartsScreen" time="42.093"/>
  <testcase classname="tests.parts.Spotorderparts" name="Test_009_verifyWarehouseText" time="171.471"/>
  <testcase classname="tests.parts.Spotorderparts" name="Test_008_verifyRequiredPart" time="158.042"/>
  <testcase classname="tests.parts.Spotorderparts" name="Test_004_clickOnAddButton" time="91.951"/>
  <testcase classname="tests.parts.Spotorderparts" name="Test_003_inputPartialPartNumber" time="48.871"/>
  <testcase classname="tests.parts.Spotorderparts" name="Test_007_verifyPO" time="125.904"/>
</testsuite> <!-- tests.parts.Spotorderparts -->
