<?xml version="1.0" encoding="UTF-8"?>
<!-- Generated by org.testng.reporters.JUnitReportReporter -->
<testsuite hostname="PC-9" failures="0" tests="10" name="tests.tech.TechWoLabor" time="1136.331" errors="0" timestamp="27 Feb 2024 12:50:31 GMT">
  <testcase classname="tests.tech.TechWoLabor" name="clickOn_SelectButton" time="156.544"/>
  <testcase classname="tests.tech.TechWoLabor" name="verifyElement_Click_UnitHistory" time="51.977"/>
  <testcase classname="tests.tech.TechWoLabor" name="enter_AccessoriesGroup_Img" time="150.670"/>
  <testcase classname="tests.tech.TechWoLabor" name="enter_AeroDynamic_Device_First" time="62.858"/>
  <testcase classname="tests.tech.TechWoLabor" name="clickOn_Labour_MoreWork_VMRSTab" time="223.927"/>
  <testcase classname="tests.tech.TechWoLabor" name="enter_AeroDynamic_ClickIMG" time="62.855"/>
  <testcase classname="tests.tech.TechWoLabor" name="add_AeroDynamic_Delete_Labour" time="103.152"/>
  <testcase classname="tests.tech.TechWoLabor" name="again_Add_AeroDynamicDevice" time="160.093"/>
  <testcase classname="tests.tech.TechWoLabor" name="enter_Unit_Number" time="57.126"/>
  <testcase classname="tests.tech.TechWoLabor" name="gotoTechRo" time="107.129"/>
</testsuite> <!-- tests.tech.TechWoLabor -->
