<?xml version="1.0" encoding="UTF-8"?>
<!-- Generated by org.testng.reporters.JUnitReportReporter -->
<testsuite hostname="PC-9" failures="0" tests="9" name="tests.parts.ReceiveParts" time="673.977" errors="0" timestamp="30 Jan 2024 11:14:46 GMT">
  <testcase classname="tests.parts.ReceiveParts" name="Test_007_verifyLink" time="81.435"/>
  <testcase classname="tests.parts.ReceiveParts" name="Test_002_clickOnPoNumber" time="31.260"/>
  <testcase classname="tests.parts.ReceiveParts" name="Test_006_verifyVendorPart" time="48.624"/>
  <testcase classname="tests.parts.ReceiveParts" name="Test_001_gotoReceiveParts" time="59.347"/>
  <testcase classname="tests.parts.ReceiveParts" name="Test_003_verifyPurchesOrder" time="48.566"/>
  <testcase classname="tests.parts.ReceiveParts" name="Test_005_verifyvoidedDate" time="56.676"/>
  <testcase classname="tests.parts.ReceiveParts" name="Test_008_verifyHash" time="86.847"/>
  <testcase classname="tests.parts.ReceiveParts" name="Test_009_clickOnCancelButton" time="224.816"/>
  <testcase classname="tests.parts.ReceiveParts" name="Test_004_verifyNotes" time="36.406"/>
</testsuite> <!-- tests.parts.ReceiveParts -->
