<?xml version="1.0" encoding="UTF-8"?>
<!-- Generated by org.testng.reporters.JUnitReportReporter -->
<testsuite hostname="PC-5" failures="0" tests="4" name="tests.administration.CreateVendor" time="153.351" errors="0" timestamp="23 Jan 2024 09:00:14 GMT">
  <testcase classname="tests.administration.CreateVendor" name="checkVendorName_SignOutPage" time="32.836"/>
  <testcase classname="tests.administration.CreateVendor" name="Test_003_enterfieldandclickonOK" time="56.862"/>
  <testcase classname="tests.administration.CreateVendor" name="Test_001_gotoVendorsScreen" time="55.208"/>
  <testcase classname="tests.administration.CreateVendor" name="Test_002_VerifyAllformfields" time="8.445"/>
</testsuite> <!-- tests.administration.CreateVendor -->
