<?xml version="1.0" encoding="UTF-8"?>
<!-- Generated by org.testng.reporters.JUnitReportReporter -->
<testsuite hostname="DESKTOP-HN0C78P" failures="0" tests="5" name="tests.fleet.CreateUnit" time="386.726" errors="0" timestamp="19 Jan 2024 12:03:02 GMT">
  <testcase classname="tests.fleet.CreateUnit" name="Test_002_clickAddNewROAndSelectUnit" time="43.055"/>
  <testcase classname="tests.fleet.CreateUnit" name="Test_005_Verify_unit_created" time="74.104"/>
  <testcase classname="tests.fleet.CreateUnit" name="Test_001_gotoUnitMasterScreen" time="74.467"/>
  <testcase classname="tests.fleet.CreateUnit" name="Test_004_enterFieldsAndClickOnSave" time="143.115"/>
  <testcase classname="tests.fleet.CreateUnit" name="Test_003_verifyAllFormFields" time="51.985"/>
</testsuite> <!-- tests.fleet.CreateUnit -->
