<?xml version="1.0" encoding="UTF-8"?>
<!-- Generated by org.testng.reporters.JUnitReportReporter -->
<<<<<<< HEAD
<testsuite hostname="DESKTOP-HN0C78P" failures="0" tests="18" name="tests.service.ServiceManagerWoLabor" time="890.675" errors="1" timestamp="23 Jan 2024 05:10:22 GMT">
  <testcase classname="tests.service.ServiceManagerWoLabor" name="verifyAuthorizedBy_and_ClickOnLink" time="31.552"/>
  <testcase classname="tests.service.ServiceManagerWoLabor" name="clickOnRoStatus_and_CloseButton" time="49.918"/>
  <testcase classname="tests.service.ServiceManagerWoLabor" name="clickOnTypelink_and_clickOnSelect" time="58.231"/>
  <testcase classname="tests.service.ServiceManagerWoLabor" name="verifyAllElements" time="14.853"/>
  <testcase classname="tests.service.ServiceManagerWoLabor" name="clickViewProfitLoss_and_clickOk" time="50.159"/>
  <testcase classname="tests.service.ServiceManagerWoLabor" name="clickOn_ShowLabourDetails_Number_ShowPartsDetails" time="45.312"/>
  <testcase classname="tests.service.ServiceManagerWoLabor" name="ClickInternalLink_and_EnterText" time="64.453"/>
  <testcase classname="tests.service.ServiceManagerWoLabor" name="clickOnThisIsStandardNote_EnterInternalNote" time="62.974"/>
  <testcase classname="tests.service.ServiceManagerWoLabor" name="clickOnUpdateRates_and_SignOut" time="63.535"/>
  <testcase classname="tests.service.ServiceManagerWoLabor" name="clickOnWIPStatus_and_clickCancle" time="58.317"/>
  <testcase classname="tests.service.ServiceManagerWoLabor" name="clickOnBacktoCompleteRo_and_ReferenceNumber" time="45.556"/>
  <testcase classname="tests.service.ServiceManagerWoLabor" name="clickOnInvoiceTohyperlink_and_clickOnCancle" time="54.257"/>
  <testcase classname="tests.service.ServiceManagerWoLabor" name="gotoCompleteRoScreen" time="46.560"/>
  <testcase classname="tests.service.ServiceManagerWoLabor" name="clickOnRONumber_VerifyElements" time="45.477"/>
  <testcase classname="tests.service.ServiceManagerWoLabor" name="clickOnAdd_and_EntertheText" time="70.485"/>
  <testcase classname="tests.service.ServiceManagerWoLabor" name="ennterLastName_and_clickOnSelectBtn" time="37.775"/>
  <testcase classname="tests.service.ServiceManagerWoLabor" name="verifyElementofMainScreen" time="28.081">
    <error message="no such element: Unable to locate element: {&quot;method&quot;:&quot;xpath&quot;,&quot;selector&quot;:&quot;//span[text()=&#039;Hourly Cost&#039;]&quot;}
  (Session info: chrome=120.0.6099.225)
For documentation on this error, please visit: https://selenium.dev/exceptions/#no_such_element
Build info: version: &#039;4.4.0&#039;, revision: &#039;e5c75ed026a&#039;
System info: host: &#039;DESKTOP-HN0C78P&#039;, ip: &#039;192.168.136.237&#039;, os.name: &#039;Windows 10&#039;, os.arch: &#039;amd64&#039;, os.version: &#039;10.0&#039;, java.version: &#039;18.0.1.1&#039;
Driver info: org.openqa.selenium.chrome.ChromeDriver
Command: [f93532dd8465dc10379446258af1f9b7, findElement {using=xpath, value=//span[text()=&#039;Hourly Cost&#039;]}]
Capabilities {acceptInsecureCerts: false, browserName: chrome, browserVersion: 120.0.6099.225, chrome: {chromedriverVersion: 120.0.6099.109 (3419140ab66..., userDataDir: C:\Users\hp\AppData\Local\T...}, fedcm:accounts: true, goog:chromeOptions: {debuggerAddress: localhost:50579}, networkConnectionEnabled: false, pageLoadStrategy: normal, platformName: WINDOWS, proxy: Proxy(), se:cdp: ws://localhost:50579/devtoo..., se:cdpVersion: 120.0.6099.225, setWindowRect: true, strictFileInteractability: false, timeouts: {implicit: 0, pageLoad: 300000, script: 30000}, unhandledPromptBehavior: dismiss and notify, webauthn:extension:credBlob: true, webauthn:extension:largeBlob: true, webauthn:extension:minPinLength: true, webauthn:extension:prf: true, webauthn:virtualAuthenticators: true}
Session ID: f93532dd8465dc10379446258af1f9b7" type="org.openqa.selenium.NoSuchElementException">
      <![CDATA[org.openqa.selenium.NoSuchElementException: no such element: Unable to locate element: {"method":"xpath","selector":"//span[text()='Hourly Cost']"}
  (Session info: chrome=120.0.6099.225)
For documentation on this error, please visit: https://selenium.dev/exceptions/#no_such_element
Build info: version: '4.4.0', revision: 'e5c75ed026a'
System info: host: 'DESKTOP-HN0C78P', ip: '192.168.136.237', os.name: 'Windows 10', os.arch: 'amd64', os.version: '10.0', java.version: '18.0.1.1'
Driver info: org.openqa.selenium.chrome.ChromeDriver
Command: [f93532dd8465dc10379446258af1f9b7, findElement {using=xpath, value=//span[text()='Hourly Cost']}]
Capabilities {acceptInsecureCerts: false, browserName: chrome, browserVersion: 120.0.6099.225, chrome: {chromedriverVersion: 120.0.6099.109 (3419140ab66..., userDataDir: C:\Users\hp\AppData\Local\T...}, fedcm:accounts: true, goog:chromeOptions: {debuggerAddress: localhost:50579}, networkConnectionEnabled: false, pageLoadStrategy: normal, platformName: WINDOWS, proxy: Proxy(), se:cdp: ws://localhost:50579/devtoo..., se:cdpVersion: 120.0.6099.225, setWindowRect: true, strictFileInteractability: false, timeouts: {implicit: 0, pageLoad: 300000, script: 30000}, unhandledPromptBehavior: dismiss and notify, webauthn:extension:credBlob: true, webauthn:extension:largeBlob: true, webauthn:extension:minPinLength: true, webauthn:extension:prf: true, webauthn:virtualAuthenticators: true}
Session ID: f93532dd8465dc10379446258af1f9b7
	at java.base/jdk.internal.reflect.DirectConstructorHandleAccessor.newInstance(DirectConstructorHandleAccessor.java:67)
	at java.base/java.lang.reflect.Constructor.newInstanceWithCaller(Constructor.java:499)
	at java.base/java.lang.reflect.Constructor.newInstance(Constructor.java:483)
	at org.openqa.selenium.remote.codec.w3c.W3CHttpResponseCodec.createException(W3CHttpResponseCodec.java:200)
	at org.openqa.selenium.remote.codec.w3c.W3CHttpResponseCodec.decode(W3CHttpResponseCodec.java:133)
	at org.openqa.selenium.remote.codec.w3c.W3CHttpResponseCodec.decode(W3CHttpResponseCodec.java:53)
	at org.openqa.selenium.remote.HttpCommandExecutor.execute(HttpCommandExecutor.java:184)
	at org.openqa.selenium.remote.service.DriverCommandExecutor.invokeExecute(DriverCommandExecutor.java:167)
	at org.openqa.selenium.remote.service.DriverCommandExecutor.execute(DriverCommandExecutor.java:142)
	at org.openqa.selenium.remote.RemoteWebDriver.execute(RemoteWebDriver.java:547)
	at org.openqa.selenium.remote.ElementLocation$ElementFinder$2.findElement(ElementLocation.java:162)
	at org.openqa.selenium.remote.ElementLocation.findElement(ElementLocation.java:60)
	at org.openqa.selenium.remote.RemoteWebDriver.findElement(RemoteWebDriver.java:365)
	at org.openqa.selenium.remote.RemoteWebDriver.findElement(RemoteWebDriver.java:357)
	at org.openqa.selenium.support.pagefactory.DefaultElementLocator.findElement(DefaultElementLocator.java:70)
	at org.openqa.selenium.support.pagefactory.internal.LocatingElementHandler.invoke(LocatingElementHandler.java:39)
	at jdk.proxy2/jdk.proxy2.$Proxy21.isDisplayed(Unknown Source)
	at pages.service.ServiceManagerWoLabor.verifiedLaborPane(ServiceManagerWoLabor.java:1136)
	at tests.service.ServiceManagerWoLabor.verifyElementofMainScreen(ServiceManagerWoLabor.java:102)
	at java.base/jdk.internal.reflect.DirectMethodHandleAccessor.invoke(DirectMethodHandleAccessor.java:104)
	at java.base/java.lang.reflect.Method.invoke(Method.java:577)
	at org.testng.internal.MethodInvocationHelper.invokeMethod(MethodInvocationHelper.java:86)
	at org.testng.internal.Invoker.invokeMethod(Invoker.java:643)
	at org.testng.internal.Invoker.invokeTestMethod(Invoker.java:820)
	at org.testng.internal.Invoker.invokeTestMethods(Invoker.java:1128)
	at org.testng.internal.TestMethodWorker.invokeTestMethods(TestMethodWorker.java:129)
	at org.testng.internal.TestMethodWorker.run(TestMethodWorker.java:112)
	at org.testng.TestRunner.privateRun(TestRunner.java:782)
	at org.testng.TestRunner.run(TestRunner.java:632)
	at org.testng.SuiteRunner.runTest(SuiteRunner.java:366)
	at org.testng.SuiteRunner.runSequentially(SuiteRunner.java:361)
	at org.testng.SuiteRunner.privateRun(SuiteRunner.java:319)
	at org.testng.SuiteRunner.run(SuiteRunner.java:268)
	at org.testng.SuiteRunnerWorker.runSuite(SuiteRunnerWorker.java:52)
	at org.testng.SuiteRunnerWorker.run(SuiteRunnerWorker.java:86)
	at org.testng.TestNG.runSuitesSequentially(TestNG.java:1244)
	at org.testng.TestNG.runSuitesLocally(TestNG.java:1169)
	at org.testng.TestNG.run(TestNG.java:1064)
	at org.apache.maven.surefire.testng.TestNGExecutor.run(TestNGExecutor.java:135)
	at org.apache.maven.surefire.testng.TestNGDirectoryTestSuite.executeSingleClass(TestNGDirectoryTestSuite.java:112)
	at org.apache.maven.surefire.testng.TestNGDirectoryTestSuite.execute(TestNGDirectoryTestSuite.java:99)
	at org.apache.maven.surefire.testng.TestNGProvider.invoke(TestNGProvider.java:146)
	at org.apache.maven.surefire.booter.ForkedBooter.invokeProviderInSameClassLoader(ForkedBooter.java:386)
	at org.apache.maven.surefire.booter.ForkedBooter.runSuitesInProcess(ForkedBooter.java:323)
	at org.apache.maven.surefire.booter.ForkedBooter.main(ForkedBooter.java:143)
]]>
    </error>
  </testcase> <!-- verifyElementofMainScreen -->
  <testcase classname="tests.service.ServiceManagerWoLabor" name="clickOnNotes_and_EnterTextInNoteField" time="63.180"/>
=======
<testsuite hostname="PC-9" failures="0" tests="18" name="tests.service.ServiceManagerWoLabor" time="874.212" errors="0" timestamp="24 Jan 2024 07:00:26 GMT">
  <testcase classname="tests.service.ServiceManagerWoLabor" name="ClickInternalLink_and_EnterText" time="63.026"/>
  <testcase classname="tests.service.ServiceManagerWoLabor" name="ennterLastName_and_clickOnSelectBtn" time="36.694"/>
  <testcase classname="tests.service.ServiceManagerWoLabor" name="clickOnAdd_and_EntertheText" time="69.051"/>
  <testcase classname="tests.service.ServiceManagerWoLabor" name="verifyElementofMainScreen" time="24.971"/>
  <testcase classname="tests.service.ServiceManagerWoLabor" name="clickOn_ShowLabourDetails_Number_ShowPartsDetails" time="44.472"/>
  <testcase classname="tests.service.ServiceManagerWoLabor" name="clickOnTypelink_and_clickOnSelect" time="56.848"/>
  <testcase classname="tests.service.ServiceManagerWoLabor" name="clickOnRoStatus_and_CloseButton" time="48.848"/>
  <testcase classname="tests.service.ServiceManagerWoLabor" name="clickOnBacktoCompleteRo_and_ReferenceNumber" time="44.517"/>
  <testcase classname="tests.service.ServiceManagerWoLabor" name="clickOnWIPStatus_and_clickCancle" time="56.786"/>
  <testcase classname="tests.service.ServiceManagerWoLabor" name="gotoCompleteRoScreen" time="42.190"/>
  <testcase classname="tests.service.ServiceManagerWoLabor" name="clickOnUpdateRates_and_SignOut" time="73.843"/>
  <testcase classname="tests.service.ServiceManagerWoLabor" name="verifyAllElements" time="13.124"/>
  <testcase classname="tests.service.ServiceManagerWoLabor" name="clickOnInvoiceTohyperlink_and_clickOnCancle" time="52.804"/>
  <testcase classname="tests.service.ServiceManagerWoLabor" name="clickOnNotes_and_EnterTextInNoteField" time="61.811"/>
  <testcase classname="tests.service.ServiceManagerWoLabor" name="clickViewProfitLoss_and_clickOk" time="48.792"/>
  <testcase classname="tests.service.ServiceManagerWoLabor" name="clickOnThisIsStandardNote_EnterInternalNote" time="61.769"/>
  <testcase classname="tests.service.ServiceManagerWoLabor" name="clickOnRONumber_VerifyElements" time="44.085"/>
  <testcase classname="tests.service.ServiceManagerWoLabor" name="verifyAuthorizedBy_and_ClickOnLink" time="30.581"/>
>>>>>>> 7ef438197d4f589b421a6e03838d57ee3b5886c9
</testsuite> <!-- tests.service.ServiceManagerWoLabor -->
