<?xml version="1.0" encoding="UTF-8"?>
<!-- Generated by org.testng.reporters.JUnitReportReporter -->
<testsuite hostname="PC-9" failures="0" tests="6" name="tests.parts.CreatePart" time="215.474" errors="0" timestamp="17 Jan 2024 05:04:02 GMT">
  <testcase classname="tests.parts.CreatePart" name="create_new_part" time="51.300"/>
  <testcase classname="tests.parts.CreatePart" name="signOut_verify_username" time="35.566"/>
  <testcase classname="tests.parts.CreatePart" name="click_NewPart_Verify_All_Elements" time="35.717"/>
  <testcase classname="tests.parts.CreatePart" name="verify_standard_field" time="11.339"/>
  <testcase classname="tests.parts.CreatePart" name="gotoPartsMaster" time="41.748"/>
  <testcase classname="tests.parts.CreatePart" name="search_the_number" time="39.804"/>
</testsuite> <!-- tests.parts.CreatePart -->
