<?xml version="1.0" encoding="UTF-8"?>
<!-- Generated by org.testng.reporters.JUnitReportReporter -->
<testsuite hostname="DESKTOP-HN0C78P" failures="0" tests="9" name="tests.parts.ReceiveParts" time="668.092" errors="0" timestamp="22 Jan 2024 12:29:31 GMT">
  <testcase classname="tests.parts.ReceiveParts" name="Test_001_gotoReceiveParts" time="53.392"/>
  <testcase classname="tests.parts.ReceiveParts" name="Test_003_verifyPurchesOrder" time="49.890"/>
  <testcase classname="tests.parts.ReceiveParts" name="Test_004_verifyNotes" time="37.376"/>
  <testcase classname="tests.parts.ReceiveParts" name="Test_002_clickOnPoNumber" time="31.865"/>
  <testcase classname="tests.parts.ReceiveParts" name="Test_006_verifyVendorPart" time="49.891"/>
  <testcase classname="tests.parts.ReceiveParts" name="Test_005_verifyvoidedDate" time="58.070"/>
  <testcase classname="tests.parts.ReceiveParts" name="Test_008_verifyHash" time="88.562"/>
  <testcase classname="tests.parts.ReceiveParts" name="Test_009_clickOnCancelButton" time="217.680"/>
  <testcase classname="tests.parts.ReceiveParts" name="Test_007_verifyLink" time="81.366"/>
</testsuite> <!-- tests.parts.ReceiveParts -->
