<?xml version="1.0" encoding="UTF-8"?>
<!-- Generated by org.testng.reporters.JUnitReportReporter -->
<testsuite hostname="DESKTOP-HN0C78P" failures="0" tests="9" name="tests.parts.Spotorderparts" time="1140.434" errors="0" timestamp="25 Jan 2024 11:53:36 GMT">
  <testcase classname="tests.parts.Spotorderparts" name="Test_003_inputPartialPartNumber" time="50.368"/>
  <testcase classname="tests.parts.Spotorderparts" name="Test_007_verifyPO" time="128.632"/>
  <testcase classname="tests.parts.Spotorderparts" name="Test_004_clickOnAddButton" time="95.907"/>
  <testcase classname="tests.parts.Spotorderparts" name="Test_005_verifySearchPartDescription" time="224.529"/>
  <testcase classname="tests.parts.Spotorderparts" name="Test_009_verifyWarehouseText" time="176.530"/>
  <testcase classname="tests.parts.Spotorderparts" name="Test_006_inputCoreParentPart" time="171.919"/>
  <testcase classname="tests.parts.Spotorderparts" name="Test_001_gotoOrderPartsScreen" time="60.474"/>
  <testcase classname="tests.parts.Spotorderparts" name="Test_002_clickOnSpotOrder" time="70.693"/>
  <testcase classname="tests.parts.Spotorderparts" name="Test_008_verifyRequiredPart" time="161.382"/>
</testsuite> <!-- tests.parts.Spotorderparts -->
