<?xml version="1.0" encoding="UTF-8"?>
<!-- Generated by org.testng.reporters.JUnitReportReporter -->
<testsuite hostname="DESKTOP-HN0C78P" failures="0" tests="9" name="tests.parts.Spotorderparts" time="1700.982" errors="0" timestamp="19 Jan 2024 06:58:25 GMT">
  <testcase classname="tests.parts.Spotorderparts" name="Test_001_gotoOrderPartsScreen" time="52.315"/>
  <testcase classname="tests.parts.Spotorderparts" name="Test_007_verifyPO" time="252.817"/>
  <testcase classname="tests.parts.Spotorderparts" name="Test_008_verifyRequiredPart" time="273.142"/>
  <testcase classname="tests.parts.Spotorderparts" name="Test_003_inputPartialPartNumber" time="98.736"/>
  <testcase classname="tests.parts.Spotorderparts" name="Test_002_clickOnSpotOrder" time="118.715"/>
  <testcase classname="tests.parts.Spotorderparts" name="Test_005_verifySearchPartDescription" time="287.194"/>
  <testcase classname="tests.parts.Spotorderparts" name="Test_009_verifyWarehouseText" time="267.328"/>
  <testcase classname="tests.parts.Spotorderparts" name="Test_004_clickOnAddButton" time="120.915"/>
  <testcase classname="tests.parts.Spotorderparts" name="Test_006_inputCoreParentPart" time="229.820"/>
</testsuite> <!-- tests.parts.Spotorderparts -->
