<?xml version="1.0" encoding="UTF-8"?>
<!-- Generated by org.testng.reporters.JUnitReportReporter -->
<testsuite hostname="PC-9" failures="0" tests="9" name="tests.parts.Spotorderparts" time="1079.303" errors="0" timestamp="28 Feb 2024 07:09:33 GMT">
  <testcase classname="tests.parts.Spotorderparts" name="Test_001_gotoOrderPartsScreen" time="42.412"/>
  <testcase classname="tests.parts.Spotorderparts" name="Test_008_verifyRequiredPart" time="157.971"/>
  <testcase classname="tests.parts.Spotorderparts" name="Test_003_inputPartialPartNumber" time="48.894"/>
  <testcase classname="tests.parts.Spotorderparts" name="Test_006_inputCoreParentPart" time="153.354"/>
  <testcase classname="tests.parts.Spotorderparts" name="Test_007_verifyPO" time="125.775"/>
  <testcase classname="tests.parts.Spotorderparts" name="Test_002_clickOnSpotOrder" time="69.727"/>
  <testcase classname="tests.parts.Spotorderparts" name="Test_005_verifySearchPartDescription" time="218.646"/>
  <testcase classname="tests.parts.Spotorderparts" name="Test_004_clickOnAddButton" time="91.246"/>
  <testcase classname="tests.parts.Spotorderparts" name="Test_009_verifyWarehouseText" time="171.278"/>
</testsuite> <!-- tests.parts.Spotorderparts -->
