<?xml version="1.0" encoding="UTF-8"?>
<!-- Generated by org.testng.reporters.JUnitReportReporter -->
<testsuite hostname="DESKTOP-RH29BD1" failures="0" tests="4" name="tests.parts.JournalizePartsInvoice" time="222.054" errors="0" timestamp="19 Jan 2024 05:49:47 GMT">
  <testcase classname="tests.parts.JournalizePartsInvoice" name="gotoFinancialManager" time="32.266"/>
  <testcase classname="tests.parts.JournalizePartsInvoice" name="serviceBoard" time="51.216"/>
  <testcase classname="tests.parts.JournalizePartsInvoice" name="clickOnGererateJournals_checkbox" time="72.506"/>
  <testcase classname="tests.parts.JournalizePartsInvoice" name="financialManager" time="66.066"/>
</testsuite> <!-- tests.parts.JournalizePartsInvoice -->
