<?xml version="1.0" encoding="UTF-8"?>
<!-- Generated by org.testng.reporters.JUnitReportReporter -->
<testsuite hostname="DESKTOP-RH29BD1" failures="0" tests="6" name="tests.parts.CreatePart" time="311.194" errors="0" timestamp="25 Jan 2024 13:15:51 GMT">
  <testcase classname="tests.parts.CreatePart" name="verify_standard_field" time="22.520"/>
  <testcase classname="tests.parts.CreatePart" name="create_new_part" time="67.526"/>
  <testcase classname="tests.parts.CreatePart" name="search_the_number" time="75.727"/>
  <testcase classname="tests.parts.CreatePart" name="click_NewPart_Verify_All_Elements" time="55.053"/>
  <testcase classname="tests.parts.CreatePart" name="gotoPartsMaster" time="32.458"/>
  <testcase classname="tests.parts.CreatePart" name="signOut_verify_username" time="57.910"/>
</testsuite> <!-- tests.parts.CreatePart -->
