<?xml version="1.0" encoding="UTF-8"?>
<!-- Generated by org.testng.reporters.JUnitReportReporter -->
<testsuite hostname="PC-5" failures="0" tests="6" name="tests.parts.CreatePart" time="198.543" errors="0" timestamp="10 Jan 2024 09:00:33 GMT">
  <testcase classname="tests.parts.CreatePart" name="click_NewPart_Verify_All_Elements" time="35.684"/>
  <testcase classname="tests.parts.CreatePart" name="create_new_part" time="51.374"/>
  <testcase classname="tests.parts.CreatePart" name="search_the_number" time="39.946"/>
  <testcase classname="tests.parts.CreatePart" name="gotoPartsMaster" time="24.623"/>
  <testcase classname="tests.parts.CreatePart" name="verify_standard_field" time="11.324"/>
  <testcase classname="tests.parts.CreatePart" name="signOut_verify_username" time="35.592"/>
</testsuite> <!-- tests.parts.CreatePart -->
