<?xml version="1.0" encoding="UTF-8"?>
<!-- Generated by org.testng.reporters.JUnitReportReporter -->
<testsuite hostname="DESKTOP-HN0C78P" failures="0" tests="4" name="tests.techRo.ServiceManagerJournalize" time="209.241" errors="0" timestamp="6 Feb 2024 18:25:30 GMT">
  <testcase classname="tests.techRo.ServiceManagerJournalize" name="Test_001_gotoFinancials" time="42.556"/>
  <testcase classname="tests.techRo.ServiceManagerJournalize" name="Test_002_clickOnGenerateJournals" time="67.052"/>
  <testcase classname="tests.techRo.ServiceManagerJournalize" name="Test_004_clickOnFinancialManagerText" time="92.924"/>
  <testcase classname="tests.techRo.ServiceManagerJournalize" name="Test_003_clickOnServiceBoard" time="6.709"/>
</testsuite> <!-- tests.techRo.ServiceManagerJournalize -->
