<?xml version="1.0" encoding="UTF-8"?>
<!-- Generated by org.testng.reporters.JUnitReportReporter -->
<testsuite hostname="DESKTOP-HN0C78P" failures="0" tests="10" name="tests.tech.TechWoLabor" time="1035.989" errors="0" timestamp="4 Feb 2024 10:26:27 GMT">
  <testcase classname="tests.tech.TechWoLabor" name="clickOn_Labour_MoreWork_VMRSTab" time="68.315"/>
  <testcase classname="tests.tech.TechWoLabor" name="enter_AeroDynamic_ClickIMG" time="64.448"/>
  <testcase classname="tests.tech.TechWoLabor" name="enter_Unit_Number" time="54.888"/>
  <testcase classname="tests.tech.TechWoLabor" name="add_AeroDynamic_Delete_Labour" time="110.297"/>
  <testcase classname="tests.tech.TechWoLabor" name="clickOn_SelectButton" time="158.082"/>
  <testcase classname="tests.tech.TechWoLabor" name="again_Add_AeroDynamicDevice" time="164.386"/>
  <testcase classname="tests.tech.TechWoLabor" name="enter_AeroDynamic_Device_First" time="84.382"/>
  <testcase classname="tests.tech.TechWoLabor" name="gotoTechRo" time="133.542"/>
  <testcase classname="tests.tech.TechWoLabor" name="verifyElement_Click_UnitHistory" time="57.717"/>
  <testcase classname="tests.tech.TechWoLabor" name="enter_AccessoriesGroup_Img" time="139.932"/>
</testsuite> <!-- tests.tech.TechWoLabor -->
