<?xml version="1.0" encoding="UTF-8"?>
<!-- Generated by org.testng.reporters.JUnitReportReporter -->
<testsuite hostname="DESKTOP-HN0C78P" failures="0" tests="9" name="tests.parts.ReceiveParts" time="707.916" errors="0" timestamp="18 Jan 2024 11:50:17 GMT">
  <testcase classname="tests.parts.ReceiveParts" name="Test_003_verifyPurchesOrder" time="73.779"/>
  <testcase classname="tests.parts.ReceiveParts" name="Test_008_verifyHash" time="82.332"/>
  <testcase classname="tests.parts.ReceiveParts" name="Test_004_verifyNotes" time="55.402"/>
  <testcase classname="tests.parts.ReceiveParts" name="Test_005_verifyvoidedDate" time="86.002"/>
  <testcase classname="tests.parts.ReceiveParts" name="Test_002_clickOnPoNumber" time="28.836"/>
  <testcase classname="tests.parts.ReceiveParts" name="Test_006_verifyVendorPart" time="73.927"/>
  <testcase classname="tests.parts.ReceiveParts" name="Test_009_clickOnCancelButton" time="165.267"/>
  <testcase classname="tests.parts.ReceiveParts" name="Test_001_gotoReceiveParts" time="38.866"/>
  <testcase classname="tests.parts.ReceiveParts" name="Test_007_verifyLink" time="103.505"/>
</testsuite> <!-- tests.parts.ReceiveParts -->
