<?xml version="1.0" encoding="UTF-8"?>
<!-- Generated by org.testng.reporters.JUnitReportReporter -->
<testsuite hostname="PC-9" failures="0" tests="5" name="tests.fleet.CreateUnit" time="194.620" errors="0" timestamp="17 Jan 2024 05:21:46 GMT">
  <testcase classname="tests.fleet.CreateUnit" name="Test_001_gotoUnitMasterScreen" time="36.680"/>
  <testcase classname="tests.fleet.CreateUnit" name="Test_002_clickAddNewROAndSelectUnit" time="19.527"/>
  <testcase classname="tests.fleet.CreateUnit" name="Test_003_verifyAllFormFields" time="37.263"/>
  <testcase classname="tests.fleet.CreateUnit" name="Test_005_Verify_unit_created" time="44.603"/>
  <testcase classname="tests.fleet.CreateUnit" name="Test_004_enterFieldsAndClickOnSave" time="56.547"/>
</testsuite> <!-- tests.fleet.CreateUnit -->
