<?xml version="1.0" encoding="UTF-8"?>
<!-- Generated by org.testng.reporters.JUnitReportReporter -->
<testsuite hostname="PC-5" failures="0" tests="18" name="tests.service.ServiceManagerWoLabor" time="842.589" errors="0" timestamp="23 Jan 2024 12:12:40 GMT">
  <testcase classname="tests.service.ServiceManagerWoLabor" name="clickOnUpdateRates_and_SignOut" time="73.952"/>
  <testcase classname="tests.service.ServiceManagerWoLabor" name="clickOnBacktoCompleteRo_and_ReferenceNumber" time="44.498"/>
  <testcase classname="tests.service.ServiceManagerWoLabor" name="clickOnTypelink_and_clickOnSelect" time="56.772"/>
  <testcase classname="tests.service.ServiceManagerWoLabor" name="gotoCompleteRoScreen" time="34.344"/>
  <testcase classname="tests.service.ServiceManagerWoLabor" name="verifyAuthorizedBy_and_ClickOnLink" time="30.625"/>
  <testcase classname="tests.service.ServiceManagerWoLabor" name="verifyAllElements" time="12.988"/>
  <testcase classname="tests.service.ServiceManagerWoLabor" name="verifyElementofMainScreen" time="24.957"/>
  <testcase classname="tests.service.ServiceManagerWoLabor" name="ennterLastName_and_clickOnSelectBtn" time="32.700"/>
  <testcase classname="tests.service.ServiceManagerWoLabor" name="clickViewProfitLoss_and_clickOk" time="48.764"/>
  <testcase classname="tests.service.ServiceManagerWoLabor" name="ClickInternalLink_and_EnterText" time="59.052"/>
  <testcase classname="tests.service.ServiceManagerWoLabor" name="clickOnThisIsStandardNote_EnterInternalNote" time="57.708"/>
  <testcase classname="tests.service.ServiceManagerWoLabor" name="clickOnRONumber_VerifyElements" time="44.576"/>
  <testcase classname="tests.service.ServiceManagerWoLabor" name="clickOnNotes_and_EnterTextInNoteField" time="57.760"/>
  <testcase classname="tests.service.ServiceManagerWoLabor" name="clickOn_ShowLabourDetails_Number_ShowPartsDetails" time="44.471"/>
  <testcase classname="tests.service.ServiceManagerWoLabor" name="clickOnWIPStatus_and_clickCancle" time="56.856"/>
  <testcase classname="tests.service.ServiceManagerWoLabor" name="clickOnInvoiceTohyperlink_and_clickOnCancle" time="52.864"/>
  <testcase classname="tests.service.ServiceManagerWoLabor" name="clickOnAdd_and_EntertheText" time="61.056"/>
  <testcase classname="tests.service.ServiceManagerWoLabor" name="clickOnRoStatus_and_CloseButton" time="48.646"/>
</testsuite> <!-- tests.service.ServiceManagerWoLabor -->
