<?xml version="1.0" encoding="UTF-8"?>
<!-- Generated by org.testng.reporters.JUnitReportReporter -->
<testsuite hostname="PC-9" failures="0" tests="6" name="tests.fleet.UomforpressureonInspectionInformationAllowed" time="549.619" errors="0" timestamp="21 Feb 2024 11:25:30 GMT">
  <testcase classname="tests.fleet.UomforpressureonInspectionInformationAllowed" name="Test_006_clickonMoreInfo" time="148.172"/>
  <testcase classname="tests.fleet.UomforpressureonInspectionInformationAllowed" name="Test_003_clickOnAddUnitInspectionInformation" time="84.123"/>
  <testcase classname="tests.fleet.UomforpressureonInspectionInformationAllowed" name="Test_005_gotoUnitMaster" time="29.015"/>
  <testcase classname="tests.fleet.UomforpressureonInspectionInformationAllowed" name="Test_002_clickOnUnitInspectionInformation" time="132.969"/>
  <testcase classname="tests.fleet.UomforpressureonInspectionInformationAllowed" name="Test_001_gotoPMInspectionManager" time="45.847"/>
  <testcase classname="tests.fleet.UomforpressureonInspectionInformationAllowed" name="Test_004_clickOnAddUnitInspectionInformationTwo" time="109.493"/>
</testsuite> <!-- tests.fleet.UomforpressureonInspectionInformationAllowed -->
