<?xml version="1.0" encoding="UTF-8"?>
<!-- Generated by org.testng.reporters.JUnitReportReporter -->
<testsuite hostname="DESKTOP-HN0C78P" failures="0" tests="5" name="tests.techRo.ServiceManagerInvoice" time="141.072" errors="0" timestamp="18 Jan 2024 17:00:17 GMT">
  <testcase classname="tests.techRo.ServiceManagerInvoice" name="Test_004_clickReferenceNumber" time="30.524"/>
  <testcase classname="tests.techRo.ServiceManagerInvoice" name="Test_003_inputRoNumber" time="6.691"/>
  <testcase classname="tests.techRo.ServiceManagerInvoice" name="Test_001_gotoCompleteRo" time="47.698"/>
  <testcase classname="tests.techRo.ServiceManagerInvoice" name="Test_005_enterYesterdayDate" time="49.909"/>
  <testcase classname="tests.techRo.ServiceManagerInvoice" name="Test_002_verifyElement" time="6.250"/>
</testsuite> <!-- tests.techRo.ServiceManagerInvoice -->
