<?xml version="1.0" encoding="UTF-8"?>
<!-- Generated by org.testng.reporters.JUnitReportReporter -->
<testsuite hostname="PC-9" failures="0" tests="5" name="tests.parts.CounterSaleInvoiceCharacterLimit" time="236.619" errors="0" timestamp="13 Feb 2024 06:53:57 GMT">
  <testcase classname="tests.parts.CounterSaleInvoiceCharacterLimit" name="Test_002_clickonHistory" time="20.217"/>
  <testcase classname="tests.parts.CounterSaleInvoiceCharacterLimit" name="Test_004_verifyCountersale" time="43.818"/>
  <testcase classname="tests.parts.CounterSaleInvoiceCharacterLimit" name="Test_005_clickOnReprint" time="65.705"/>
  <testcase classname="tests.parts.CounterSaleInvoiceCharacterLimit" name="Test_003_verifyInvoice" time="55.914"/>
  <testcase classname="tests.parts.CounterSaleInvoiceCharacterLimit" name="Test_001_goto_countersaleManager_screen" time="50.965"/>
</testsuite> <!-- tests.parts.CounterSaleInvoiceCharacterLimit -->
