<?xml version="1.0" encoding="UTF-8"?>
<!-- Generated by org.testng.reporters.JUnitReportReporter -->
<testsuite hostname="PC-9" failures="0" tests="10" name="tests.tech.TechWoLabor" time="608.441" errors="0" timestamp="13 Feb 2024 08:53:50 GMT">
  <testcase classname="tests.tech.TechWoLabor" name="gotoTechRo" time="127.444"/>
  <testcase classname="tests.tech.TechWoLabor" name="enter_AeroDynamic_Device_First" time="46.826"/>
  <testcase classname="tests.tech.TechWoLabor" name="enter_Unit_Number" time="53.105"/>
  <testcase classname="tests.tech.TechWoLabor" name="clickOn_Labour_MoreWork_VMRSTab" time="22.322"/>
  <testcase classname="tests.tech.TechWoLabor" name="verifyElement_Click_UnitHistory" time="46.952"/>
  <testcase classname="tests.tech.TechWoLabor" name="enter_AeroDynamic_ClickIMG" time="42.787"/>
  <testcase classname="tests.tech.TechWoLabor" name="again_Add_AeroDynamicDevice" time="50.830"/>
  <testcase classname="tests.tech.TechWoLabor" name="enter_AccessoriesGroup_Img" time="94.124"/>
  <testcase classname="tests.tech.TechWoLabor" name="add_AeroDynamic_Delete_Labour" time="36.592"/>
  <testcase classname="tests.tech.TechWoLabor" name="clickOn_SelectButton" time="87.459"/>
</testsuite> <!-- tests.tech.TechWoLabor -->
