<?xml version="1.0" encoding="UTF-8"?>
<!-- Generated by org.testng.reporters.JUnitReportReporter -->
<testsuite hostname="DESKTOP-HN0C78P" failures="0" tests="7" name="tests.parts.CounterSale" time="697.347" errors="0" timestamp="25 Jan 2024 15:35:00 GMT">
  <testcase classname="tests.parts.CounterSale" name="verify_all_fields" time="19.854"/>
  <testcase classname="tests.parts.CounterSale" name="add_new_counter_sale" time="100.819"/>
  <testcase classname="tests.parts.CounterSale" name="verify_counter_sale_page" time="34.166"/>
  <testcase classname="tests.parts.CounterSale" name="add_parts_in_counter_sale" time="145.050"/>
  <testcase classname="tests.parts.CounterSale" name="goto_countersaleManager_screen" time="111.627"/>
  <testcase classname="tests.parts.CounterSale" name="verify_location_popUp" time="102.091"/>
  <testcase classname="tests.parts.CounterSale" name="check_invoice_and_signout" time="183.740"/>
</testsuite> <!-- tests.parts.CounterSale -->
