<?xml version="1.0" encoding="UTF-8"?>
<!-- Generated by org.testng.reporters.JUnitReportReporter -->
<testsuite hostname="PC-5" failures="0" tests="4" name="tests.parts.JournalizePartsInvoice" time="126.859" errors="0" timestamp="16 Jan 2024 07:52:41 GMT">
  <testcase classname="tests.parts.JournalizePartsInvoice" name="clickOnGererateJournals_checkbox" time="35.856"/>
  <testcase classname="tests.parts.JournalizePartsInvoice" name="financialManager" time="40.272"/>
  <testcase classname="tests.parts.JournalizePartsInvoice" name="serviceBoard" time="26.677"/>
  <testcase classname="tests.parts.JournalizePartsInvoice" name="gotoFinancialManager" time="24.054"/>
</testsuite> <!-- tests.parts.JournalizePartsInvoice -->
