<?xml version="1.0" encoding="UTF-8"?>
<!-- Generated by org.testng.reporters.JUnitReportReporter -->
<testsuite hostname="DESKTOP-HN0C78P" failures="0" tests="8" name="tests.administration.TransitonedPaccar" time="331.869" errors="0" timestamp="22 Feb 2024 10:07:26 GMT">
  <testcase classname="tests.administration.TransitonedPaccar" name="Test_006_verifyPart" time="29.265"/>
  <testcase classname="tests.administration.TransitonedPaccar" name="Test_007_verifyPartFailureRequired" time="29.280"/>
  <testcase classname="tests.administration.TransitonedPaccar" name="Test_002_clickonEquipment" time="41.090"/>
  <testcase classname="tests.administration.TransitonedPaccar" name="Test_001_gotoStandardCodesScrren" time="41.660"/>
  <testcase classname="tests.administration.TransitonedPaccar" name="Test_003_verifyNewOnPartPosition" time="39.091"/>
  <testcase classname="tests.administration.TransitonedPaccar" name="Test_004_goToCompleteROScreen" time="55.377"/>
  <testcase classname="tests.administration.TransitonedPaccar" name="Test_005_clickOnReferece" time="45.210"/>
  <testcase classname="tests.administration.TransitonedPaccar" name="Test_009_vifyTotalCharge" time="50.896"/>
</testsuite> <!-- tests.administration.TransitonedPaccar -->
