<?xml version="1.0" encoding="UTF-8"?>
<!-- Generated by org.testng.reporters.JUnitReportReporter -->
<testsuite hostname="PC-5" failures="0" tests="4" name="tests.administration.CreateCustomer" time="124.824" errors="0" timestamp="10 Jan 2024 11:38:25 GMT">
  <testcase classname="tests.administration.CreateCustomer" name="Test_003_enterfieldsandclickonOK" time="27.927"/>
  <testcase classname="tests.administration.CreateCustomer" name="Test_001_gotoCustomerScreen" time="37.523"/>
  <testcase classname="tests.administration.CreateCustomer" name="Test_002_verifyAllFields" time="37.934"/>
  <testcase classname="tests.administration.CreateCustomer" name="Test_004_searchnameandclickonSignout" time="21.440"/>
</testsuite> <!-- tests.administration.CreateCustomer -->
