<?xml version="1.0" encoding="UTF-8"?>
<!-- Generated by org.testng.reporters.JUnitReportReporter -->
<testsuite hostname="DESKTOP-RH29BD1" failures="0" tests="4" name="tests.administration.CreateVendor" time="126.162" errors="0" timestamp="11 Jan 2024 14:25:50 GMT">
  <testcase classname="tests.administration.CreateVendor" name="Test_003_enterfieldandclickonOK" time="41.839"/>
  <testcase classname="tests.administration.CreateVendor" name="Test_001_gotoVendorsScreen" time="39.459"/>
  <testcase classname="tests.administration.CreateVendor" name="checkVendorName_SignOutPage" time="31.239"/>
  <testcase classname="tests.administration.CreateVendor" name="Test_002_VerifyAllformfields" time="13.625"/>
</testsuite> <!-- tests.administration.CreateVendor -->
