<?xml version="1.0" encoding="UTF-8"?>
<!-- Generated by org.testng.reporters.JUnitReportReporter -->
<testsuite hostname="PC-9" failures="0" tests="4" name="tests.techRo.ServiceManagerJournalize" time="248.413" errors="0" timestamp="28 Feb 2024 06:46:51 GMT">
  <testcase classname="tests.techRo.ServiceManagerJournalize" name="Test_001_gotoFinancials" time="43.015"/>
  <testcase classname="tests.techRo.ServiceManagerJournalize" name="Test_004_clickOnFinancialManagerText" time="133.559"/>
  <testcase classname="tests.techRo.ServiceManagerJournalize" name="Test_003_clickOnServiceBoard" time="6.251"/>
  <testcase classname="tests.techRo.ServiceManagerJournalize" name="Test_002_clickOnGenerateJournals" time="65.588"/>
</testsuite> <!-- tests.techRo.ServiceManagerJournalize -->
