<?xml version="1.0" encoding="UTF-8"?>
<!-- Generated by org.testng.reporters.JUnitReportReporter -->
<testsuite hostname="DESKTOP-HN0C78P" failures="0" tests="5" name="tests.techRo.ServiceManagerInvoice" time="152.567" errors="0" timestamp="23 Jan 2024 04:53:34 GMT">
  <testcase classname="tests.techRo.ServiceManagerInvoice" name="Test_003_inputRoNumber" time="12.772"/>
  <testcase classname="tests.techRo.ServiceManagerInvoice" name="Test_004_clickReferenceNumber" time="31.838"/>
  <testcase classname="tests.techRo.ServiceManagerInvoice" name="Test_001_gotoCompleteRo" time="41.589"/>
  <testcase classname="tests.techRo.ServiceManagerInvoice" name="Test_002_verifyElement" time="4.298"/>
  <testcase classname="tests.techRo.ServiceManagerInvoice" name="Test_005_enterYesterdayDate" time="62.070"/>
</testsuite> <!-- tests.techRo.ServiceManagerInvoice -->
