<?xml version="1.0" encoding="UTF-8"?>
<!-- Generated by org.testng.reporters.JUnitReportReporter -->
<testsuite hostname="DESKTOP-HN0C78P" failures="0" tests="5" name="tests.fleet.CreateUnit" time="367.245" errors="0" timestamp="22 Jan 2024 12:48:22 GMT">
  <testcase classname="tests.fleet.CreateUnit" name="Test_002_clickAddNewROAndSelectUnit" time="41.357"/>
  <testcase classname="tests.fleet.CreateUnit" name="Test_003_verifyAllFormFields" time="27.424"/>
  <testcase classname="tests.fleet.CreateUnit" name="Test_001_gotoUnitMasterScreen" time="113.249"/>
  <testcase classname="tests.fleet.CreateUnit" name="Test_004_enterFieldsAndClickOnSave" time="118.252"/>
  <testcase classname="tests.fleet.CreateUnit" name="Test_005_Verify_unit_created" time="66.963"/>
</testsuite> <!-- tests.fleet.CreateUnit -->
