<?xml version="1.0" encoding="UTF-8"?>
<!-- Generated by org.testng.reporters.JUnitReportReporter -->
<testsuite hostname="PC-9" failures="0" tests="18" name="tests.service.ServiceManagerWoLabor" time="874.212" errors="0" timestamp="24 Jan 2024 07:00:26 GMT">
  <testcase classname="tests.service.ServiceManagerWoLabor" name="ClickInternalLink_and_EnterText" time="63.026"/>
  <testcase classname="tests.service.ServiceManagerWoLabor" name="ennterLastName_and_clickOnSelectBtn" time="36.694"/>
  <testcase classname="tests.service.ServiceManagerWoLabor" name="clickOnAdd_and_EntertheText" time="69.051"/>
  <testcase classname="tests.service.ServiceManagerWoLabor" name="verifyElementofMainScreen" time="24.971"/>
  <testcase classname="tests.service.ServiceManagerWoLabor" name="clickOn_ShowLabourDetails_Number_ShowPartsDetails" time="44.472"/>
  <testcase classname="tests.service.ServiceManagerWoLabor" name="clickOnTypelink_and_clickOnSelect" time="56.848"/>
  <testcase classname="tests.service.ServiceManagerWoLabor" name="clickOnRoStatus_and_CloseButton" time="48.848"/>
  <testcase classname="tests.service.ServiceManagerWoLabor" name="clickOnBacktoCompleteRo_and_ReferenceNumber" time="44.517"/>
  <testcase classname="tests.service.ServiceManagerWoLabor" name="clickOnWIPStatus_and_clickCancle" time="56.786"/>
  <testcase classname="tests.service.ServiceManagerWoLabor" name="gotoCompleteRoScreen" time="42.190"/>
  <testcase classname="tests.service.ServiceManagerWoLabor" name="clickOnUpdateRates_and_SignOut" time="73.843"/>
  <testcase classname="tests.service.ServiceManagerWoLabor" name="verifyAllElements" time="13.124"/>
  <testcase classname="tests.service.ServiceManagerWoLabor" name="clickOnInvoiceTohyperlink_and_clickOnCancle" time="52.804"/>
  <testcase classname="tests.service.ServiceManagerWoLabor" name="clickOnNotes_and_EnterTextInNoteField" time="61.811"/>
  <testcase classname="tests.service.ServiceManagerWoLabor" name="clickViewProfitLoss_and_clickOk" time="48.792"/>
  <testcase classname="tests.service.ServiceManagerWoLabor" name="clickOnThisIsStandardNote_EnterInternalNote" time="61.769"/>
  <testcase classname="tests.service.ServiceManagerWoLabor" name="clickOnRONumber_VerifyElements" time="44.085"/>
  <testcase classname="tests.service.ServiceManagerWoLabor" name="verifyAuthorizedBy_and_ClickOnLink" time="30.581"/>
</testsuite> <!-- tests.service.ServiceManagerWoLabor -->
