<?xml version="1.0" encoding="UTF-8"?>
<!-- Generated by org.testng.reporters.JUnitReportReporter -->
<testsuite hostname="PC-9" failures="0" tests="2" name="tests.service.ServiceManagerChangeCustomerPOafterInvoicing" time="103.375" errors="0" timestamp="5 Feb 2024 05:45:21 GMT">
  <testcase classname="tests.service.ServiceManagerChangeCustomerPOafterInvoicing" name="gotoCompleteRo" time="63.542"/>
  <testcase classname="tests.service.ServiceManagerChangeCustomerPOafterInvoicing" name="verification_ofElement_SignOut" time="39.833"/>
</testsuite> <!-- tests.service.ServiceManagerChangeCustomerPOafterInvoicing -->
