<?xml version="1.0" encoding="UTF-8"?>
<!-- Generated by org.testng.reporters.JUnitReportReporter -->
<testsuite hostname="DESKTOP-RH29BD1" failures="0" tests="8" name="tests.techRo.ServiceManagerPartsRelatedTasks" time="920.818" errors="0" timestamp="25 Jan 2024 14:45:32 GMT">
  <testcase classname="tests.techRo.ServiceManagerPartsRelatedTasks" name="Test_006_clickOnAddPart" time="154.988"/>
  <testcase classname="tests.techRo.ServiceManagerPartsRelatedTasks" name="Test_004_verifyLabor" time="57.390"/>
  <testcase classname="tests.techRo.ServiceManagerPartsRelatedTasks" name="Test_001_gotoCompleteRo" time="249.401"/>
  <testcase classname="tests.techRo.ServiceManagerPartsRelatedTasks" name="Test_007_clickOnNonCatalogPart" time="105.063"/>
  <testcase classname="tests.techRo.ServiceManagerPartsRelatedTasks" name="Test_008_clickOnCloseButton" time="24.804"/>
  <testcase classname="tests.techRo.ServiceManagerPartsRelatedTasks" name="Test_002_clickOnReference" time="136.771"/>
  <testcase classname="tests.techRo.ServiceManagerPartsRelatedTasks" name="Test_003_clickOnPart" time="71.606"/>
  <testcase classname="tests.techRo.ServiceManagerPartsRelatedTasks" name="Test_005_verifyChargeQuantityEditable" time="120.795"/>
</testsuite> <!-- tests.techRo.ServiceManagerPartsRelatedTasks -->
