<?xml version="1.0" encoding="UTF-8"?>
<!-- Generated by org.testng.reporters.JUnitReportReporter -->
<testsuite hostname="DESKTOP-HN0C78P" failures="0" tests="6" name="tests.parts.CreatePart" time="277.966" errors="0" timestamp="18 Jan 2024 11:33:03 GMT">
  <testcase classname="tests.parts.CreatePart" name="signOut_verify_username" time="49.325"/>
  <testcase classname="tests.parts.CreatePart" name="gotoPartsMaster" time="40.038"/>
  <testcase classname="tests.parts.CreatePart" name="click_NewPart_Verify_All_Elements" time="51.667"/>
  <testcase classname="tests.parts.CreatePart" name="search_the_number" time="59.482"/>
  <testcase classname="tests.parts.CreatePart" name="verify_standard_field" time="18.147"/>
  <testcase classname="tests.parts.CreatePart" name="create_new_part" time="59.307"/>
</testsuite> <!-- tests.parts.CreatePart -->
