<?xml version="1.0" encoding="UTF-8"?>
<!-- Generated by org.testng.reporters.JUnitReportReporter -->
<testsuite hostname="DESKTOP-HN0C78P" failures="0" tests="7" name="tests.parts.CounterSale" time="852.244" errors="0" timestamp="23 Feb 2024 05:31:51 GMT">
  <testcase classname="tests.parts.CounterSale" name="add_new_counter_sale" time="100.712"/>
  <testcase classname="tests.parts.CounterSale" name="add_parts_in_counter_sale" time="226.554"/>
  <testcase classname="tests.parts.CounterSale" name="verify_counter_sale_page" time="34.310"/>
  <testcase classname="tests.parts.CounterSale" name="goto_countersaleManager_screen" time="49.832"/>
  <testcase classname="tests.parts.CounterSale" name="verify_location_popUp" time="96.381"/>
  <testcase classname="tests.parts.CounterSale" name="verify_all_fields" time="14.778"/>
  <testcase classname="tests.parts.CounterSale" name="check_invoice_and_signout" time="329.677"/>
</testsuite> <!-- tests.parts.CounterSale -->
