<?xml version="1.0" encoding="UTF-8"?>
<!-- Generated by org.testng.reporters.JUnitReportReporter -->
<testsuite hostname="DESKTOP-HN0C78P" failures="0" tests="6" name="tests.parts.CreatePart" time="345.205" errors="0" timestamp="23 Jan 2024 03:14:17 GMT">
  <testcase classname="tests.parts.CreatePart" name="search_the_number" time="80.670"/>
  <testcase classname="tests.parts.CreatePart" name="verify_standard_field" time="26.869"/>
  <testcase classname="tests.parts.CreatePart" name="gotoPartsMaster" time="42.150"/>
  <testcase classname="tests.parts.CreatePart" name="create_new_part" time="80.355"/>
  <testcase classname="tests.parts.CreatePart" name="click_NewPart_Verify_All_Elements" time="56.589"/>
  <testcase classname="tests.parts.CreatePart" name="signOut_verify_username" time="58.572"/>
</testsuite> <!-- tests.parts.CreatePart -->
