<?xml version="1.0" encoding="UTF-8"?>
<!-- Generated by org.testng.reporters.JUnitReportReporter -->
<testsuite hostname="PC-5" failures="0" tests="6" name="tests.parts.CreatePart" time="309.830" errors="0" timestamp="23 Jan 2024 11:12:36 GMT">
  <testcase classname="tests.parts.CreatePart" name="gotoPartsMaster" time="34.768"/>
  <testcase classname="tests.parts.CreatePart" name="search_the_number" time="74.856"/>
  <testcase classname="tests.parts.CreatePart" name="create_new_part" time="66.336"/>
  <testcase classname="tests.parts.CreatePart" name="click_NewPart_Verify_All_Elements" time="53.962"/>
  <testcase classname="tests.parts.CreatePart" name="signOut_verify_username" time="57.626"/>
  <testcase classname="tests.parts.CreatePart" name="verify_standard_field" time="22.282"/>
</testsuite> <!-- tests.parts.CreatePart -->
