<?xml version="1.0" encoding="UTF-8"?>
<!-- Generated by org.testng.reporters.JUnitReportReporter -->
<testsuite hostname="PC-9" failures="0" tests="7" name="tests.parts.CounterSale" time="589.110" errors="0" timestamp="12 Feb 2024 11:30:01 GMT">
  <testcase classname="tests.parts.CounterSale" name="add_parts_in_counter_sale" time="131.852"/>
  <testcase classname="tests.parts.CounterSale" name="add_new_counter_sale" time="97.012"/>
  <testcase classname="tests.parts.CounterSale" name="verify_all_fields" time="12.974"/>
  <testcase classname="tests.parts.CounterSale" name="verify_location_popUp" time="92.843"/>
  <testcase classname="tests.parts.CounterSale" name="goto_countersaleManager_screen" time="44.806"/>
  <testcase classname="tests.parts.CounterSale" name="verify_counter_sale_page" time="32.177"/>
  <testcase classname="tests.parts.CounterSale" name="check_invoice_and_signout" time="177.446"/>
</testsuite> <!-- tests.parts.CounterSale -->
